Loading... 
1> 2> 3> 4> 5> 6> 7> 8> 9> 10> 11> 12> 13> 14> 15> 16> 17> 18> 19> 20> 21> 22> 23> 24> 25> 26> 27> 28> 29> 30> 31> 32> 33> 34> 35> 36> 37> 38> 39> 40> 41> 42> 43> 44> 45> 46> 47> 48> 49> 50> 51> 52> 53> 54> 55> 56> 57> 58> 59> 60> 61> 62> 63> 64> 65> 66> 67> 68> 69> 70> 71> 72> 73> 74> 75> 76> 77> 78> 79> 80> 81> 82> 83> 84> 85> 86> 87> 88> 89> 90> 91> 92> 93> 94> 95> 96> 97> 98> 99> 100> 101> 102> 103> 104> 105> 106> 107> 108> 109> 110> 111> 112> 113> 114> 115> 116> 117> 118> 119> 120> 121> 122> 123> 124> 125> 126> 127> 128> 129> 130> 131> 132> 133> 134> 135> 136> 137> 138> 139> 140> 141> 142> 143> 144> 145> 146> 147> 148> 149> 150> 151> 152> 153> 154> 155> 156> 157> 158> 159> 160> 161> 162> 163> 164> 165> 166> 167> 168> 169> 170> 171> 172> 173> 174> 175> 176> 177> 178> 179> 180> 181> 182> 183> 184> 185> 186> 187> 188> 189> 190> 191> 192> 193> 194> 195> 196> 197> 198> 199> 200> 201> 202> 203> 204> 205> 206> 207> 208> 209> 210> 211> 212> 213> 214> 215> 216> 217> 218> 219> 220> 221> 222> 223> 224> 225> 226> 227> 228> 229> 230> 231> 232> 233> 234> 235> 236> 237> 238> 239> 240> 241> 242> 243> 244> 245> 246> 247> 248> 249> 250> 251> 252> 253> 254> 255> 256> 257> 258> 259> 260> 261> 262> 263> 264> 265> 266> 267> 268> 269> 270> 271> 272> 273> 274> 275> 276> 277> 278> 279> 280> 281> 282> 283> 284> 285> 286> 287> 288> 289> 290> 291> 292> 293> 294> 295> 296> 297> 298> 299> 300> 301> 302> 303> 304> 305> 306> 307> 308> 309> 310> 311> 312> 313> 314> 315> 316> 317> 318> 319> 320> 321> 322> 323> 324> 325> 326> 327> 328> 329> 330> 331> 332> 333> 334> 335> 336> 337> 338> 339> 340> 341> 342> 343> 344> 345> 346> 347> 348> 349> 350> 351> 352> 353> 354> 355> 356> 357> 358> 359> 360> 361> 362> 363> 364> 365> 366> 367> 368> 369> 370> 371> 372> 373> 374> 375> 376> 377> 378> 379> 380> 381> 382> 383> 384> 385> 386> 387> 388> 389> 390> 391> 392> 393> 394> 395> 396> 397> 398> 399> 400> 401> 402> 403> 404> 405> 406> 407> 408> 409> 410> 411> 412> 413> 414> 415> 416> 417> 418> 419> 420> 421> 422> 423> 424> 425> 426> 427> 428> 429> 430> 431> 432> 433> 434> 435> 436> 437> 438> 439> 440> 441> 442> 443> 444> 445> 446> 447> 448> 449> 450> 451> 452> 453> 454> 455> 456> 457> 458> 459> 460> 461> 462> 463> 464> 465> 466> 467> 468> 469> 470> 471> 472> 473> 474> 475> 476> 477> 478> 479> 480> 481> 482> 483> 484> 485> 486> 487> 488> 489> 490> 491> 492> 493> 494> 495> 496> 497> 498> 499> 500> 501> 502> 503> 504> 505> 506> 507> 508> 509> 510> 511> 512> 513> 514> 515> 516> 517> 518> 519> 520> 521> 522> 523> 524> 525> 526> 527> 528> 529> 530> 531> 532> 533> 534> 535> 536> 537> 538> 539> 540> 541> 542> 543> 544> 545> 546> 547> 548> 549> 550> 551> 552> 553> 554> 555> 556> 557> 558> 559> 560> 561> 562> 563> 564> 565> 566> 567> 568> 569> 570> 571> 572> 573> 574> 575> 576> 577> 578> 579> 580> 581> 582> 583> 584> 585> 586> 587> 588> 589> 590> 591> 592> 593> 594> 595> 596> 597> 598> 599> 600> 601> 602> 603> 604> 605> 606> 607> 608> 609> 610> 611> 612> 613> 614> 615> 616> 617> 618> 619> 620> 621> 622> 623> 624> 625> 626> 627> 628> 629> 630> 631> 632> 633> 634> 635> 636> 637> 638> 639> 640> 641> 642> 643> 644> 645> 646> 647> 648> 649> 650> 651> 652> 653> 654> 655> 656> 657> 658> 659> 660> 661> 662> 663> 664> 665> 666> 667> 668> 669> 670> 671> 672> 673> 674> 675> 676> 677> 678> 679> 680> 681> 682> 683> 684> 685> 686> 687> 688> 689> 690> 691> 692> 693> 694> 695> 696> 697> 698> 699> 700> 701> 702> 703> 704> 705> 706> 707> 708> 709> 710> 711> 712> 713> 714> 715> 716> 717> 718> 719> 720> 721> 722> 723> 724> 725> 726> 727> 728> 729> 730> 731> 732> 733> Msg 6590, Level 16, State 1, Server GW01, Line 22
DROP ASSEMBLY failed because 'Turbulence' is referenced by object
'ExecuteMHDWorkerBatch'.
Msg 6246, Level 16, State 1, Server GW01, Line 23
Assembly "Turbulence" already exists in database "turbdev".
1> 2> 3> 4> 5> 6> 7> 8> 9> 10> 11> 12> 13> 14> 15> 16> 17> 18> 19> 20> 1> 2> 1> 2> 3> 4> 5> 6> 7> 8> 9> 10> 11> 12> 13> 14> 15> 16> 17> 18> 19> 20> 1> 2> 1> 2> 3> 4> 5> 6> 7> 8> 9> 10> 11> 12> 13> 14> 15> 16> 1> 2> 1> 2> 3> 4> 5> 6> 7> 8> 9> 10> 11> 1> 2> 1> 2> 3> 4> 5> 6> 7> 8> 9> 10> 11> 12> 13> 14> 15> 1> 2> 1> 2> 3> 4> 5> 6> 7> 8> 9> 10> 11> 12> 13> 14> 15> 1> 2> 1> 2> 3> 4> 5> 6> 7> 8> 9> 10> 1> 2> 1> 2> 3> 4> 5> 6> 7> 8> 9> 10> 11> 12> 13> 14> 15> 16> 17> 1> 2> 1> 2> 3> 4> 5> 6> 7> 8> 9> 10> 11> 12> 13> 14> 15> 16> 1> 2> 1> 2> 3> 4> 5> 6> 7> 8> 9> 10> 11> 12> 13> 14> 15> 1> 2> 1> 2> 3> 4> 5> 6> 7> 8> 9> 10> 11> 12> 13> 14> 15> 16> 1> 2> 1> 2> 3> 4> 5> 6> 7> 8> 9> 10> 11> 12> 13> 14> 15> 16> 1> 2> 1> 2> 3> 4> 5> 6> 7> 8> 1> 2> 1> 2> 3> 4> 5> 6> 1> 2> 1> 2> 3> 4> 5> 6> 1> 2> 1> 2> 3> 4> 5> 6> 1> 2> 1> 2> 3> 4> 5> 6> 7> 8> 9> 10> 11> 12> 13> 14> 15> 16> 17> 18> 19> 1> 2> 3> 4> 5> 6> 7> 8> 9> 10> 11> 12> 13> 14> 15> 16> 17> 18> 19> 20> 21> 22> 23> 24> 25> 26> 27> 28> 29> 30> 31> 32> 33> 34> 35> 36> 37> 38> 39> 40> 41> 42> 43> 44> 45> 46> 47> 48> 49> 50> 51> 52> 53> 54> 55> 56> 57> 58> 59> 60> 61> 62> 63> 64> 65> 66> 67> 68> 69> 70> 71> 72> 73> 74> 75> 76> 77> 78> 79> 80> 81> 82> 83> 84> 85> 86> 87> 88> 89> 90> 91> 92> 93> 94> 95> 96> 97> 98> 99> 100> 101> 102> 103> 104> 105> 106> 107> 108> 109> 110> 111> 112> 113> 114> 115> 116> 117> 118> 119> 120> 121> 122> 123> 124> 125> 126> 127> 128> 129> 130> 131> 132> 133> 134> 135> 136> 137> 138> 139> 140> 141> 142> 143> 144> 145> 146> 147> 148> 149> 150> 151> 152> 153> 154> 155> 156> 157> 158> 159> 160> 161> 162> 163> 164> 165> 166> 167> 168> 169> 170> 171> 172> 173> 174> 175> 176> 177> 178> 179> 180> 181> 182> 183> 184> 185> 186> 187> 188> 189> 190> 191> 192> 193> 194> 195> 196> 197> 198> 199> 200> 201> 202> 203> 204> 205> 206> 207> 208> 209> 210> 211> 212> 213> 214> 215> 216> 217> 218> 219> 220> 221> 222> 223> 224> 225> 226> 227> 228> 229> 230> 231> 232> 233> 234> 235> 236> 237> 238> 239> 240> 241> 242> 243> 244> 245> 246> 247> 248> 249> 250> 251> 252> 253> 254> 255> 256> 257> 258> 259> 260> 261> 262> 263> 264> 265> 266> 267> 268> 269> 270> 271> 272> 273> 274> 275> 276> 277> 278> 279> 280> 281> 282> 283> 284> 285> 286> 287> 288> 289> 290> 291> 292> 293> 294> 295> 296> 297> 298> 299> 300> 301> 302> 303> 304> 305> 306> 307> 308> 309> 310> 311> 312> 313> 314> 315> 316> 317> 318> 319> 320> 321> 322> 323> 324> 325> 326> 327> 328> 329> 330> 331> 332> 333> 334> 335> 336> 337> 338> 339> 340> 341> 342> 343> 344> 345> 346> 347> 348> 349> 350> 351> 352> 353> 354> 355> 356> 357> 358> 359> 360> 361> 362> 363> 364> 365> 366> 367> 368> 369> 370> 371> 372> 373> 374> 375> 376> 377> 378> 379> 380> 381> 382> 383> 384> 385> 386> 387> 388> 389> 390> 391> 392> 393> 394> 395> 396> 397> 398> 399> 400> 401> 402> 403> 404> 405> 406> 407> 408> 409> 410> 411> 412> 413> 414> 415> 416> 417> 418> 419> 420> 421> 422> 423> 424> 425> 426> 427> 428> 429> 430> 431> 432> 433> 434> 435> 436> 437> 438> 439> 440> 441> 442> 443> 444> 445> 446> 447> 448> 449> 450> 451> 452> 453> 454> 455> 456> 457> 458> 459> 460> 461> 462> 463> 464> 465> 466> 467> 468> 469> 470> 471> 472> 473> 474> 475> 476> 477> 478> 479> 480> 481> 482> 483> 484> 485> 486> 487> 488> 489> 490> 491> 492> 493> 494> 495> 496> 497> 498> 499> 500> 501> 502> 503> 504> 505> 506> 507> 508> 509> 510> 511> 512> 513> 514> 515> 516> 517> 518> 519> 520> 521> 522> 523> 524> 525> 526> 527> 528> 529> 530> 531> 532> 533> 534> 535> 536> 537> 538> 539> 540> 541> 542> 543> 544> 545> 546> 547> 548> 549> 550> 551> 552> 553> 554> 555> 556> 557> 558> 559> 560> 561> 562> 563> 564> 565> 566> 567> 568> 569> 570> 571> 572> 573> 574> 575> 576> 577> 578> 579> 580> 581> 582> 583> 584> 585> 586> 587> 588> 589> 590> 591> 592> 593> 594> 595> 596> 597> 598> 599> 600> 601> 602> 603> 604> 605> 606> 607> 608> 609> 610> 611> 612> 613> 614> 615> 616> 617> 618> 619> 620> 621> 622> 623> 624> 625> 626> 627> 628> 629> 630> 631> 632> 633> 634> 635> 636> 637> 638> 639> 640> 641> 642> 643> 644> 645> 646> 647> 648> 649> 650> 651> 652> 653> 654> 655> 656> 657> 658> 659> 660> 661> 662> 663> 664> 665> 666> 667> 668> 669> 670> 671> 672> 673> 674> 675> 676> 677> 678> 679> 680> 681> 682> 683> 684> 685> 686> 687> 688> 689> 690> 691> 692> 693> 694> 695> 696> 697> 698> 699> 700> 701> 702> 703> 704> 705> 706> 707> 708> 709> 710> 711> 712> 713> 714> 715> 716> 717> 718> 719> 720> 721> 722> 723> 724> 725> 726> 727> 728> 729> 730> 731> 732> 733> Msg 3701, Level 11, State 5, Server GW02, Line 5
Cannot drop the function 'dbo.CreateMortonIndex', because it does not exist or
you do not have permission.
Msg 3701, Level 11, State 5, Server GW02, Line 6
Cannot drop the function 'dbo.GetMortonX', because it does not exist or you do
not have permission.
Msg 3701, Level 11, State 5, Server GW02, Line 7
Cannot drop the function 'dbo.GetMortonY', because it does not exist or you do
not have permission.
Msg 3701, Level 11, State 5, Server GW02, Line 8
Cannot drop the function 'dbo.GetMortonZ', because it does not exist or you do
not have permission.
Msg 3701, Level 11, State 5, Server GW02, Line 9
Cannot drop the procedure 'dbo.ExecuteTurbulenceWorker', because it does not
exist or you do not have permission.
Msg 3701, Level 11, State 5, Server GW02, Line 10
Cannot drop the procedure 'dbo.ExecuteGetPositionWorker', because it does not
exist or you do not have permission.
Msg 3701, Level 11, State 5, Server GW02, Line 11
Cannot drop the procedure 'dbo.ExecuteMHDWorker', because it does not exist or
you do not have permission.
Msg 3701, Level 11, State 5, Server GW02, Line 12
Cannot drop the procedure 'dbo.ExecuteBoxFilterWorker', because it does not
exist or you do not have permission.
Msg 3701, Level 11, State 5, Server GW02, Line 13
Cannot drop the procedure 'dbo.GetDataCutout', because it does not exist or
you do not have permission.
Msg 3701, Level 11, State 5, Server GW02, Line 14
Cannot drop the procedure 'dbo.GetThreshold', because it does not exist or you
do not have permission.
Msg 3701, Level 11, State 5, Server GW02, Line 15
Cannot drop the procedure 'dbo.GetFilteredCutout', because it does not exist
or you do not have permission.
Msg 3701, Level 11, State 5, Server GW02, Line 16
Cannot drop the procedure 'dbo.GetStridedDataCutout', because it does not
exist or you do not have permission.
Msg 3701, Level 11, State 5, Server GW02, Line 17
Cannot drop the procedure 'dbo.ExecuteTwoFieldsWorker', because it does not
exist or you do not have permission.
Msg 3701, Level 11, State 5, Server GW02, Line 18
Cannot drop the procedure 'dbo.ExecuteTwoFieldsBoxFilterWorker', because it
does not exist or you do not have permission.
Msg 3701, Level 11, State 5, Server GW02, Line 19
Cannot drop the procedure 'dbo.ExecuteParticleTrackingWorkerTaskParallel',
because it does not exist or you do not have permission.
Msg 3701, Level 11, State 5, Server GW02, Line 20
Cannot drop the procedure
'dbo.ExecuteParticleTrackingChannelWorkerTaskParallel', because it does not
exist or you do not have permission.
Msg 15151, Level 16, State 1, Server GW02, Line 22
Cannot drop the assembly 'Turbulence', because it does not exist or you do not
have permission.
Msg 6257, Level 16, State 1, Server GW02, Line 23
CREATE ASSEMBLY for assembly 'Turbulence' failed because the assembly is built
for an unsupported version of the Common Language Runtime.
1> 2> 3> 4> 5> 6> 7> 8> 9> 10> 11> 12> 13> 14> 15> 16> 17> 18> 19> 20> Msg 6528, Level 16, State 1, Server GW02, Procedure ExecuteParticleTrackingWorkerTaskParallel, Line 1
Assembly 'Turbulence' was not found in the SQL catalog of database 'turbdev'.
1> 2> Msg 15151, Level 16, State 1, Server GW02, Line 1
Cannot find the object 'ExecuteParticleTrackingWorkerTaskParallel', because it
does not exist or you do not have permission.
1> 2> 3> 4> 5> 6> 7> 8> 9> 10> 11> 12> 13> 14> 15> 16> 17> 18> 19> 20> Msg 6528, Level 16, State 1, Server GW02, Procedure ExecuteParticleTrackingChannelWorkerTaskParallel, Line 1
Assembly 'Turbulence' was not found in the SQL catalog of database 'turbdev'.
1> 2> Msg 15151, Level 16, State 1, Server GW02, Line 1
Cannot find the object 'ExecuteParticleTrackingChannelWorkerTaskParallel',
because it does not exist or you do not have permission.
1> 2> 3> 4> 5> 6> 7> 8> 9> 10> 11> 12> 13> 14> 15> 16> Msg 6528, Level 16, State 1, Server GW02, Procedure ExecuteGetPositionWorker, Line 1
Assembly 'Turbulence' was not found in the SQL catalog of database 'turbdev'.
1> 2> Msg 15151, Level 16, State 1, Server GW02, Line 1
Cannot find the object 'ExecuteGetPositionWorker', because it does not exist
or you do not have permission.
1> 2> 3> 4> 5> 6> 7> 8> 9> 10> 11> Msg 6528, Level 16, State 1, Server GW02, Procedure ExecuteTurbulenceWorker, Line 1
Assembly 'Turbulence' was not found in the SQL catalog of database 'turbdev'.
1> 2> Msg 15151, Level 16, State 1, Server GW02, Line 1
Cannot find the object 'ExecuteTurbulenceWorker', because it does not exist or
you do not have permission.
1> 2> 3> 4> 5> 6> 7> 8> 9> 10> 11> 12> 13> 14> 15> Msg 6528, Level 16, State 1, Server GW02, Procedure ExecuteMHDWorker, Line 1
Assembly 'Turbulence' was not found in the SQL catalog of database 'turbdev'.
1> 2> Msg 15151, Level 16, State 1, Server GW02, Line 1
Cannot find the object 'ExecuteMHDWorker', because it does not exist or you do
not have permission.
1> 2> 3> 4> 5> 6> 7> 8> 9> 10> 11> 12> 13> 14> 15> Msg 6528, Level 16, State 1, Server GW02, Procedure ExecuteBoxFilterWorker, Line 1
Assembly 'Turbulence' was not found in the SQL catalog of database 'turbdev'.
1> 2> Msg 15151, Level 16, State 1, Server GW02, Line 1
Cannot find the object 'ExecuteBoxFilterWorker', because it does not exist or
you do not have permission.
1> 2> 3> 4> 5> 6> 7> 8> 9> 10> Msg 6528, Level 16, State 1, Server GW02, Procedure GetDataCutout, Line 1
Assembly 'Turbulence' was not found in the SQL catalog of database 'turbdev'.
1> 2> Msg 15151, Level 16, State 1, Server GW02, Line 1
Cannot find the object 'GetDataCutout', because it does not exist or you do
not have permission.
1> 2> 3> 4> 5> 6> 7> 8> 9> 10> 11> 12> 13> 14> 15> 16> 17> Msg 6528, Level 16, State 1, Server GW02, Procedure GetThreshold, Line 1
Assembly 'Turbulence' was not found in the SQL catalog of database 'turbdev'.
1> 2> Msg 15151, Level 16, State 1, Server GW02, Line 1
Cannot find the object 'GetThreshold', because it does not exist or you do not
have permission.
1> 2> 3> 4> 5> 6> 7> 8> 9> 10> 11> 12> 13> 14> 15> 16> Msg 6528, Level 16, State 1, Server GW02, Procedure GetFilteredCutout, Line 1
Assembly 'Turbulence' was not found in the SQL catalog of database 'turbdev'.
1> 2> Msg 15151, Level 16, State 1, Server GW02, Line 1
Cannot find the object 'GetFilteredCutout', because it does not exist or you
do not have permission.
1> 2> 3> 4> 5> 6> 7> 8> 9> 10> 11> 12> 13> 14> 15> Msg 6528, Level 16, State 1, Server GW02, Procedure GetStridedDataCutout, Line 1
Assembly 'Turbulence' was not found in the SQL catalog of database 'turbdev'.
1> 2> Msg 15151, Level 16, State 1, Server GW02, Line 1
Cannot find the object 'GetStridedDataCutout', because it does not exist or
you do not have permission.
1> 2> 3> 4> 5> 6> 7> 8> 9> 10> 11> 12> 13> 14> 15> 16> Msg 6528, Level 16, State 1, Server GW02, Procedure ExecuteTwoFieldsWorker, Line 1
Assembly 'Turbulence' was not found in the SQL catalog of database 'turbdev'.
1> 2> Msg 15151, Level 16, State 1, Server GW02, Line 1
Cannot find the object 'ExecuteTwoFieldsWorker', because it does not exist or
you do not have permission.
1> 2> 3> 4> 5> 6> 7> 8> 9> 10> 11> 12> 13> 14> 15> 16> Msg 6528, Level 16, State 1, Server GW02, Procedure ExecuteTwoFieldsBoxFilterWorker, Line 1
Assembly 'Turbulence' was not found in the SQL catalog of database 'turbdev'.
1> 2> Msg 15151, Level 16, State 1, Server GW02, Line 1
Cannot find the object 'ExecuteTwoFieldsBoxFilterWorker', because it does not
exist or you do not have permission.
1> 2> 3> 4> 5> 6> 7> 8> Msg 6528, Level 16, State 1, Server GW02, Procedure CreateMortonIndex, Line 1
Assembly 'Turbulence' was not found in the SQL catalog of database 'turbdev'.
1> 2> Msg 15151, Level 16, State 1, Server GW02, Line 1
Cannot find the object 'CreateMortonIndex', because it does not exist or you
do not have permission.
1> 2> 3> 4> 5> 6> Msg 6528, Level 16, State 1, Server GW02, Procedure GetMortonX, Line 1
Assembly 'Turbulence' was not found in the SQL catalog of database 'turbdev'.
1> 2> Msg 15151, Level 16, State 1, Server GW02, Line 1
Cannot find the object 'GetMortonX', because it does not exist or you do not
have permission.
1> 2> 3> 4> 5> 6> Msg 6528, Level 16, State 1, Server GW02, Procedure GetMortonY, Line 1
Assembly 'Turbulence' was not found in the SQL catalog of database 'turbdev'.
1> 2> Msg 15151, Level 16, State 1, Server GW02, Line 1
Cannot find the object 'GetMortonY', because it does not exist or you do not
have permission.
1> 2> 3> 4> 5> 6> Msg 6528, Level 16, State 1, Server GW02, Procedure GetMortonZ, Line 1
Assembly 'Turbulence' was not found in the SQL catalog of database 'turbdev'.
1> 2> Msg 15151, Level 16, State 1, Server GW02, Line 1
Cannot find the object 'GetMortonZ', because it does not exist or you do not
have permission.
1> 2> 3> 4> 5> 6> 7> 8> 9> 10> 11> 12> 13> 14> 15> 16> 17> 18> 19> 1> 2> 3> 4> 5> 6> 7> 8> 9> 10> 11> 12> 13> 14> 15> 16> 17> 18> 19> 20> 21> 22> 23> 24> 25> 26> 27> 28> 29> 30> 31> 32> 33> 34> 35> 36> 37> 38> 39> 40> 41> 42> 43> 44> 45> 46> 47> 48> 49> 50> 51> 52> 53> 54> 55> 56> 57> 58> 59> 60> 61> 62> 63> 64> 65> 66> 67> 68> 69> 70> 71> 72> 73> 74> 75> 76> 77> 78> 79> 80> 81> 82> 83> 84> 85> 86> 87> 88> 89> 90> 91> 92> 93> 94> 95> 96> 97> 98> 99> 100> 101> 102> 103> 104> 105> 106> 107> 108> 109> 110> 111> 112> 113> 114> 115> 116> 117> 118> 119> 120> 121> 122> 123> 124> 125> 126> 127> 128> 129> 130> 131> 132> 133> 134> 135> 136> 137> 138> 139> 140> 141> 142> 143> 144> 145> 146> 147> 148> 149> 150> 151> 152> 153> 154> 155> 156> 157> 158> 159> 160> 161> 162> 163> 164> 165> 166> 167> 168> 169> 170> 171> 172> 173> 174> 175> 176> 177> 178> 179> 180> 181> 182> 183> 184> 185> 186> 187> 188> 189> 190> 191> 192> 193> 194> 195> 196> 197> 198> 199> 200> 201> 202> 203> 204> 205> 206> 207> 208> 209> 210> 211> 212> 213> 214> 215> 216> 217> 218> 219> 220> 221> 222> 223> 224> 225> 226> 227> 228> 229> 230> 231> 232> 233> 234> 235> 236> 237> 238> 239> 240> 241> 242> 243> 244> 245> 246> 247> 248> 249> 250> 251> 252> 253> 254> 255> 256> 257> 258> 259> 260> 261> 262> 263> 264> 265> 266> 267> 268> 269> 270> 271> 272> 273> 274> 275> 276> 277> 278> 279> 280> 281> 282> 283> 284> 285> 286> 287> 288> 289> 290> 291> 292> 293> 294> 295> 296> 297> 298> 299> 300> 301> 302> 303> 304> 305> 306> 307> 308> 309> 310> 311> 312> 313> 314> 315> 316> 317> 318> 319> 320> 321> 322> 323> 324> 325> 326> 327> 328> 329> 330> 331> 332> 333> 334> 335> 336> 337> 338> 339> 340> 341> 342> 343> 344> 345> 346> 347> 348> 349> 350> 351> 352> 353> 354> 355> 356> 357> 358> 359> 360> 361> 362> 363> 364> 365> 366> 367> 368> 369> 370> 371> 372> 373> 374> 375> 376> 377> 378> 379> 380> 381> 382> 383> 384> 385> 386> 387> 388> 389> 390> 391> 392> 393> 394> 395> 396> 397> 398> 399> 400> 401> 402> 403> 404> 405> 406> 407> 408> 409> 410> 411> 412> 413> 414> 415> 416> 417> 418> 419> 420> 421> 422> 423> 424> 425> 426> 427> 428> 429> 430> 431> 432> 433> 434> 435> 436> 437> 438> 439> 440> 441> 442> 443> 444> 445> 446> 447> 448> 449> 450> 451> 452> 453> 454> 455> 456> 457> 458> 459> 460> 461> 462> 463> 464> 465> 466> 467> 468> 469> 470> 471> 472> 473> 474> 475> 476> 477> 478> 479> 480> 481> 482> 483> 484> 485> 486> 487> 488> 489> 490> 491> 492> 493> 494> 495> 496> 497> 498> 499> 500> 501> 502> 503> 504> 505> 506> 507> 508> 509> 510> 511> 512> 513> 514> 515> 516> 517> 518> 519> 520> 521> 522> 523> 524> 525> 526> 527> 528> 529> 530> 531> 532> 533> 534> 535> 536> 537> 538> 539> 540> 541> 542> 543> 544> 545> 546> 547> 548> 549> 550> 551> 552> 553> 554> 555> 556> 557> 558> 559> 560> 561> 562> 563> 564> 565> 566> 567> 568> 569> 570> 571> 572> 573> 574> 575> 576> 577> 578> 579> 580> 581> 582> 583> 584> 585> 586> 587> 588> 589> 590> 591> 592> 593> 594> 595> 596> 597> 598> 599> 600> 601> 602> 603> 604> 605> 606> 607> 608> 609> 610> 611> 612> 613> 614> 615> 616> 617> 618> 619> 620> 621> 622> 623> 624> 625> 626> 627> 628> 629> 630> 631> 632> 633> 634> 635> 636> 637> 638> 639> 640> 641> 642> 643> 644> 645> 646> 647> 648> 649> 650> 651> 652> 653> 654> 655> 656> 657> 658> 659> 660> 661> 662> 663> 664> 665> 666> 667> 668> 669> 670> 671> 672> 673> 674> 675> 676> 677> 678> 679> 680> 681> 682> 683> 684> 685> 686> 687> 688> 689> 690> 691> 692> 693> 694> 695> 696> 697> 698> 699> 700> 701> 702> 703> 704> 705> 706> 707> 708> 709> 710> 711> 712> 713> 714> 715> 716> 717> 718> 719> 720> 721> 722> 723> 724> 725> 726> 727> 728> 729> 730> 731> 732> 733> Msg 3701, Level 11, State 5, Server GW03, Line 5
Cannot drop the function 'dbo.CreateMortonIndex', because it does not exist or
you do not have permission.
Msg 3701, Level 11, State 5, Server GW03, Line 6
Cannot drop the function 'dbo.GetMortonX', because it does not exist or you do
not have permission.
Msg 3701, Level 11, State 5, Server GW03, Line 7
Cannot drop the function 'dbo.GetMortonY', because it does not exist or you do
not have permission.
Msg 3701, Level 11, State 5, Server GW03, Line 8
Cannot drop the function 'dbo.GetMortonZ', because it does not exist or you do
not have permission.
Msg 3701, Level 11, State 5, Server GW03, Line 9
Cannot drop the procedure 'dbo.ExecuteTurbulenceWorker', because it does not
exist or you do not have permission.
Msg 3701, Level 11, State 5, Server GW03, Line 10
Cannot drop the procedure 'dbo.ExecuteGetPositionWorker', because it does not
exist or you do not have permission.
Msg 3701, Level 11, State 5, Server GW03, Line 11
Cannot drop the procedure 'dbo.ExecuteMHDWorker', because it does not exist or
you do not have permission.
Msg 3701, Level 11, State 5, Server GW03, Line 12
Cannot drop the procedure 'dbo.ExecuteBoxFilterWorker', because it does not
exist or you do not have permission.
Msg 3701, Level 11, State 5, Server GW03, Line 13
Cannot drop the procedure 'dbo.GetDataCutout', because it does not exist or
you do not have permission.
Msg 3701, Level 11, State 5, Server GW03, Line 14
Cannot drop the procedure 'dbo.GetThreshold', because it does not exist or you
do not have permission.
Msg 3701, Level 11, State 5, Server GW03, Line 15
Cannot drop the procedure 'dbo.GetFilteredCutout', because it does not exist
or you do not have permission.
Msg 3701, Level 11, State 5, Server GW03, Line 16
Cannot drop the procedure 'dbo.GetStridedDataCutout', because it does not
exist or you do not have permission.
Msg 3701, Level 11, State 5, Server GW03, Line 17
Cannot drop the procedure 'dbo.ExecuteTwoFieldsWorker', because it does not
exist or you do not have permission.
Msg 3701, Level 11, State 5, Server GW03, Line 18
Cannot drop the procedure 'dbo.ExecuteTwoFieldsBoxFilterWorker', because it
does not exist or you do not have permission.
Msg 3701, Level 11, State 5, Server GW03, Line 19
Cannot drop the procedure 'dbo.ExecuteParticleTrackingWorkerTaskParallel',
because it does not exist or you do not have permission.
Msg 3701, Level 11, State 5, Server GW03, Line 20
Cannot drop the procedure
'dbo.ExecuteParticleTrackingChannelWorkerTaskParallel', because it does not
exist or you do not have permission.
Msg 15151, Level 16, State 1, Server GW03, Line 22
Cannot drop the assembly 'Turbulence', because it does not exist or you do not
have permission.
Msg 6257, Level 16, State 1, Server GW03, Line 23
CREATE ASSEMBLY for assembly 'Turbulence' failed because the assembly is built
for an unsupported version of the Common Language Runtime.
1> 2> 3> 4> 5> 6> 7> 8> 9> 10> 11> 12> 13> 14> 15> 16> 17> 18> 19> 20> Msg 6528, Level 16, State 1, Server GW03, Procedure ExecuteParticleTrackingWorkerTaskParallel, Line 1
Assembly 'Turbulence' was not found in the SQL catalog of database 'turbdev'.
1> 2> Msg 15151, Level 16, State 1, Server GW03, Line 1
Cannot find the object 'ExecuteParticleTrackingWorkerTaskParallel', because it
does not exist or you do not have permission.
1> 2> 3> 4> 5> 6> 7> 8> 9> 10> 11> 12> 13> 14> 15> 16> 17> 18> 19> 20> Msg 6528, Level 16, State 1, Server GW03, Procedure ExecuteParticleTrackingChannelWorkerTaskParallel, Line 1
Assembly 'Turbulence' was not found in the SQL catalog of database 'turbdev'.
1> 2> Msg 15151, Level 16, State 1, Server GW03, Line 1
Cannot find the object 'ExecuteParticleTrackingChannelWorkerTaskParallel',
because it does not exist or you do not have permission.
1> 2> 3> 4> 5> 6> 7> 8> 9> 10> 11> 12> 13> 14> 15> 16> Msg 6528, Level 16, State 1, Server GW03, Procedure ExecuteGetPositionWorker, Line 1
Assembly 'Turbulence' was not found in the SQL catalog of database 'turbdev'.
1> 2> Msg 15151, Level 16, State 1, Server GW03, Line 1
Cannot find the object 'ExecuteGetPositionWorker', because it does not exist
or you do not have permission.
1> 2> 3> 4> 5> 6> 7> 8> 9> 10> 11> Msg 6528, Level 16, State 1, Server GW03, Procedure ExecuteTurbulenceWorker, Line 1
Assembly 'Turbulence' was not found in the SQL catalog of database 'turbdev'.
1> 2> Msg 15151, Level 16, State 1, Server GW03, Line 1
Cannot find the object 'ExecuteTurbulenceWorker', because it does not exist or
you do not have permission.
1> 2> 3> 4> 5> 6> 7> 8> 9> 10> 11> 12> 13> 14> 15> Msg 6528, Level 16, State 1, Server GW03, Procedure ExecuteMHDWorker, Line 1
Assembly 'Turbulence' was not found in the SQL catalog of database 'turbdev'.
1> 2> Msg 15151, Level 16, State 1, Server GW03, Line 1
Cannot find the object 'ExecuteMHDWorker', because it does not exist or you do
not have permission.
1> 2> 3> 4> 5> 6> 7> 8> 9> 10> 11> 12> 13> 14> 15> Msg 6528, Level 16, State 1, Server GW03, Procedure ExecuteBoxFilterWorker, Line 1
Assembly 'Turbulence' was not found in the SQL catalog of database 'turbdev'.
1> 2> Msg 15151, Level 16, State 1, Server GW03, Line 1
Cannot find the object 'ExecuteBoxFilterWorker', because it does not exist or
you do not have permission.
1> 2> 3> 4> 5> 6> 7> 8> 9> 10> Msg 6528, Level 16, State 1, Server GW03, Procedure GetDataCutout, Line 1
Assembly 'Turbulence' was not found in the SQL catalog of database 'turbdev'.
1> 2> Msg 15151, Level 16, State 1, Server GW03, Line 1
Cannot find the object 'GetDataCutout', because it does not exist or you do
not have permission.
1> 2> 3> 4> 5> 6> 7> 8> 9> 10> 11> 12> 13> 14> 15> 16> 17> Msg 6528, Level 16, State 1, Server GW03, Procedure GetThreshold, Line 1
Assembly 'Turbulence' was not found in the SQL catalog of database 'turbdev'.
1> 2> Msg 15151, Level 16, State 1, Server GW03, Line 1
Cannot find the object 'GetThreshold', because it does not exist or you do not
have permission.
1> 2> 3> 4> 5> 6> 7> 8> 9> 10> 11> 12> 13> 14> 15> 16> Msg 6528, Level 16, State 1, Server GW03, Procedure GetFilteredCutout, Line 1
Assembly 'Turbulence' was not found in the SQL catalog of database 'turbdev'.
1> 2> Msg 15151, Level 16, State 1, Server GW03, Line 1
Cannot find the object 'GetFilteredCutout', because it does not exist or you
do not have permission.
1> 2> 3> 4> 5> 6> 7> 8> 9> 10> 11> 12> 13> 14> 15> Msg 6528, Level 16, State 1, Server GW03, Procedure GetStridedDataCutout, Line 1
Assembly 'Turbulence' was not found in the SQL catalog of database 'turbdev'.
1> 2> Msg 15151, Level 16, State 1, Server GW03, Line 1
Cannot find the object 'GetStridedDataCutout', because it does not exist or
you do not have permission.
1> 2> 3> 4> 5> 6> 7> 8> 9> 10> 11> 12> 13> 14> 15> 16> Msg 6528, Level 16, State 1, Server GW03, Procedure ExecuteTwoFieldsWorker, Line 1
Assembly 'Turbulence' was not found in the SQL catalog of database 'turbdev'.
1> 2> Msg 15151, Level 16, State 1, Server GW03, Line 1
Cannot find the object 'ExecuteTwoFieldsWorker', because it does not exist or
you do not have permission.
1> 2> 3> 4> 5> 6> 7> 8> 9> 10> 11> 12> 13> 14> 15> 16> Msg 6528, Level 16, State 1, Server GW03, Procedure ExecuteTwoFieldsBoxFilterWorker, Line 1
Assembly 'Turbulence' was not found in the SQL catalog of database 'turbdev'.
1> 2> Msg 15151, Level 16, State 1, Server GW03, Line 1
Cannot find the object 'ExecuteTwoFieldsBoxFilterWorker', because it does not
exist or you do not have permission.
1> 2> 3> 4> 5> 6> 7> 8> Msg 6528, Level 16, State 1, Server GW03, Procedure CreateMortonIndex, Line 1
Assembly 'Turbulence' was not found in the SQL catalog of database 'turbdev'.
1> 2> Msg 15151, Level 16, State 1, Server GW03, Line 1
Cannot find the object 'CreateMortonIndex', because it does not exist or you
do not have permission.
1> 2> 3> 4> 5> 6> Msg 6528, Level 16, State 1, Server GW03, Procedure GetMortonX, Line 1
Assembly 'Turbulence' was not found in the SQL catalog of database 'turbdev'.
1> 2> Msg 15151, Level 16, State 1, Server GW03, Line 1
Cannot find the object 'GetMortonX', because it does not exist or you do not
have permission.
1> 2> 3> 4> 5> 6> Msg 6528, Level 16, State 1, Server GW03, Procedure GetMortonY, Line 1
Assembly 'Turbulence' was not found in the SQL catalog of database 'turbdev'.
1> 2> Msg 15151, Level 16, State 1, Server GW03, Line 1
Cannot find the object 'GetMortonY', because it does not exist or you do not
have permission.
1> 2> 3> 4> 5> 6> Msg 6528, Level 16, State 1, Server GW03, Procedure GetMortonZ, Line 1
Assembly 'Turbulence' was not found in the SQL catalog of database 'turbdev'.
1> 2> Msg 15151, Level 16, State 1, Server GW03, Line 1
Cannot find the object 'GetMortonZ', because it does not exist or you do not
have permission.
1> 2> 3> 4> 5> 6> 7> 8> 9> 10> 11> 12> 13> 14> 15> 16> 17> 18> 19> 1> 2> 3> 4> 5> 6> 7> 8> 9> 10> 11> 12> 13> 14> 15> 16> 17> 18> 19> 20> 21> 22> 23> 24> 25> 26> 27> 28> 29> 30> 31> 32> 33> 34> 35> 36> 37> 38> 39> 40> 41> 42> 43> 44> 45> 46> 47> 48> 49> 50> 51> 52> 53> 54> 55> 56> 57> 58> 59> 60> 61> 62> 63> 64> 65> 66> 67> 68> 69> 70> 71> 72> 73> 74> 75> 76> 77> 78> 79> 80> 81> 82> 83> 84> 85> 86> 87> 88> 89> 90> 91> 92> 93> 94> 95> 96> 97> 98> 99> 100> 101> 102> 103> 104> 105> 106> 107> 108> 109> 110> 111> 112> 113> 114> 115> 116> 117> 118> 119> 120> 121> 122> 123> 124> 125> 126> 127> 128> 129> 130> 131> 132> 133> 134> 135> 136> 137> 138> 139> 140> 141> 142> 143> 144> 145> 146> 147> 148> 149> 150> 151> 152> 153> 154> 155> 156> 157> 158> 159> 160> 161> 162> 163> 164> 165> 166> 167> 168> 169> 170> 171> 172> 173> 174> 175> 176> 177> 178> 179> 180> 181> 182> 183> 184> 185> 186> 187> 188> 189> 190> 191> 192> 193> 194> 195> 196> 197> 198> 199> 200> 201> 202> 203> 204> 205> 206> 207> 208> 209> 210> 211> 212> 213> 214> 215> 216> 217> 218> 219> 220> 221> 222> 223> 224> 225> 226> 227> 228> 229> 230> 231> 232> 233> 234> 235> 236> 237> 238> 239> 240> 241> 242> 243> 244> 245> 246> 247> 248> 249> 250> 251> 252> 253> 254> 255> 256> 257> 258> 259> 260> 261> 262> 263> 264> 265> 266> 267> 268> 269> 270> 271> 272> 273> 274> 275> 276> 277> 278> 279> 280> 281> 282> 283> 284> 285> 286> 287> 288> 289> 290> 291> 292> 293> 294> 295> 296> 297> 298> 299> 300> 301> 302> 303> 304> 305> 306> 307> 308> 309> 310> 311> 312> 313> 314> 315> 316> 317> 318> 319> 320> 321> 322> 323> 324> 325> 326> 327> 328> 329> 330> 331> 332> 333> 334> 335> 336> 337> 338> 339> 340> 341> 342> 343> 344> 345> 346> 347> 348> 349> 350> 351> 352> 353> 354> 355> 356> 357> 358> 359> 360> 361> 362> 363> 364> 365> 366> 367> 368> 369> 370> 371> 372> 373> 374> 375> 376> 377> 378> 379> 380> 381> 382> 383> 384> 385> 386> 387> 388> 389> 390> 391> 392> 393> 394> 395> 396> 397> 398> 399> 400> 401> 402> 403> 404> 405> 406> 407> 408> 409> 410> 411> 412> 413> 414> 415> 416> 417> 418> 419> 420> 421> 422> 423> 424> 425> 426> 427> 428> 429> 430> 431> 432> 433> 434> 435> 436> 437> 438> 439> 440> 441> 442> 443> 444> 445> 446> 447> 448> 449> 450> 451> 452> 453> 454> 455> 456> 457> 458> 459> 460> 461> 462> 463> 464> 465> 466> 467> 468> 469> 470> 471> 472> 473> 474> 475> 476> 477> 478> 479> 480> 481> 482> 483> 484> 485> 486> 487> 488> 489> 490> 491> 492> 493> 494> 495> 496> 497> 498> 499> 500> 501> 502> 503> 504> 505> 506> 507> 508> 509> 510> 511> 512> 513> 514> 515> 516> 517> 518> 519> 520> 521> 522> 523> 524> 525> 526> 527> 528> 529> 530> 531> 532> 533> 534> 535> 536> 537> 538> 539> 540> 541> 542> 543> 544> 545> 546> 547> 548> 549> 550> 551> 552> 553> 554> 555> 556> 557> 558> 559> 560> 561> 562> 563> 564> 565> 566> 567> 568> 569> 570> 571> 572> 573> 574> 575> 576> 577> 578> 579> 580> 581> 582> 583> 584> 585> 586> 587> 588> 589> 590> 591> 592> 593> 594> 595> 596> 597> 598> 599> 600> 601> 602> 603> 604> 605> 606> 607> 608> 609> 610> 611> 612> 613> 614> 615> 616> 617> 618> 619> 620> 621> 622> 623> 624> 625> 626> 627> 628> 629> 630> 631> 632> 633> 634> 635> 636> 637> 638> 639> 640> 641> 642> 643> 644> 645> 646> 647> 648> 649> 650> 651> 652> 653> 654> 655> 656> 657> 658> 659> 660> 661> 662> 663> 664> 665> 666> 667> 668> 669> 670> 671> 672> 673> 674> 675> 676> 677> 678> 679> 680> 681> 682> 683> 684> 685> 686> 687> 688> 689> 690> 691> 692> 693> 694> 695> 696> 697> 698> 699> 700> 701> 702> 703> 704> 705> 706> 707> 708> 709> 710> 711> 712> 713> 714> 715> 716> 717> 718> 719> 720> 721> 722> 723> 724> 725> 726> 727> 728> 729> 730> 731> 732> 733> Msg 3701, Level 11, State 5, Server GW04, Line 5
Cannot drop the function 'dbo.CreateMortonIndex', because it does not exist or
you do not have permission.
Msg 3701, Level 11, State 5, Server GW04, Line 6
Cannot drop the function 'dbo.GetMortonX', because it does not exist or you do
not have permission.
Msg 3701, Level 11, State 5, Server GW04, Line 7
Cannot drop the function 'dbo.GetMortonY', because it does not exist or you do
not have permission.
Msg 3701, Level 11, State 5, Server GW04, Line 8
Cannot drop the function 'dbo.GetMortonZ', because it does not exist or you do
not have permission.
Msg 3701, Level 11, State 5, Server GW04, Line 9
Cannot drop the procedure 'dbo.ExecuteTurbulenceWorker', because it does not
exist or you do not have permission.
Msg 3701, Level 11, State 5, Server GW04, Line 10
Cannot drop the procedure 'dbo.ExecuteGetPositionWorker', because it does not
exist or you do not have permission.
Msg 3701, Level 11, State 5, Server GW04, Line 11
Cannot drop the procedure 'dbo.ExecuteMHDWorker', because it does not exist or
you do not have permission.
Msg 3701, Level 11, State 5, Server GW04, Line 12
Cannot drop the procedure 'dbo.ExecuteBoxFilterWorker', because it does not
exist or you do not have permission.
Msg 3701, Level 11, State 5, Server GW04, Line 13
Cannot drop the procedure 'dbo.GetDataCutout', because it does not exist or
you do not have permission.
Msg 3701, Level 11, State 5, Server GW04, Line 14
Cannot drop the procedure 'dbo.GetThreshold', because it does not exist or you
do not have permission.
Msg 3701, Level 11, State 5, Server GW04, Line 15
Cannot drop the procedure 'dbo.GetFilteredCutout', because it does not exist
or you do not have permission.
Msg 3701, Level 11, State 5, Server GW04, Line 16
Cannot drop the procedure 'dbo.GetStridedDataCutout', because it does not
exist or you do not have permission.
Msg 3701, Level 11, State 5, Server GW04, Line 17
Cannot drop the procedure 'dbo.ExecuteTwoFieldsWorker', because it does not
exist or you do not have permission.
Msg 3701, Level 11, State 5, Server GW04, Line 18
Cannot drop the procedure 'dbo.ExecuteTwoFieldsBoxFilterWorker', because it
does not exist or you do not have permission.
Msg 3701, Level 11, State 5, Server GW04, Line 19
Cannot drop the procedure 'dbo.ExecuteParticleTrackingWorkerTaskParallel',
because it does not exist or you do not have permission.
Msg 3701, Level 11, State 5, Server GW04, Line 20
Cannot drop the procedure
'dbo.ExecuteParticleTrackingChannelWorkerTaskParallel', because it does not
exist or you do not have permission.
Msg 15151, Level 16, State 1, Server GW04, Line 22
Cannot drop the assembly 'Turbulence', because it does not exist or you do not
have permission.
Msg 6257, Level 16, State 1, Server GW04, Line 23
CREATE ASSEMBLY for assembly 'Turbulence' failed because the assembly is built
for an unsupported version of the Common Language Runtime.
1> 2> 3> 4> 5> 6> 7> 8> 9> 10> 11> 12> 13> 14> 15> 16> 17> 18> 19> 20> Msg 6528, Level 16, State 1, Server GW04, Procedure ExecuteParticleTrackingWorkerTaskParallel, Line 1
Assembly 'Turbulence' was not found in the SQL catalog of database 'turbdev'.
1> 2> Msg 15151, Level 16, State 1, Server GW04, Line 1
Cannot find the object 'ExecuteParticleTrackingWorkerTaskParallel', because it
does not exist or you do not have permission.
1> 2> 3> 4> 5> 6> 7> 8> 9> 10> 11> 12> 13> 14> 15> 16> 17> 18> 19> 20> Msg 6528, Level 16, State 1, Server GW04, Procedure ExecuteParticleTrackingChannelWorkerTaskParallel, Line 1
Assembly 'Turbulence' was not found in the SQL catalog of database 'turbdev'.
1> 2> Msg 15151, Level 16, State 1, Server GW04, Line 1
Cannot find the object 'ExecuteParticleTrackingChannelWorkerTaskParallel',
because it does not exist or you do not have permission.
1> 2> 3> 4> 5> 6> 7> 8> 9> 10> 11> 12> 13> 14> 15> 16> Msg 6528, Level 16, State 1, Server GW04, Procedure ExecuteGetPositionWorker, Line 1
Assembly 'Turbulence' was not found in the SQL catalog of database 'turbdev'.
1> 2> Msg 15151, Level 16, State 1, Server GW04, Line 1
Cannot find the object 'ExecuteGetPositionWorker', because it does not exist
or you do not have permission.
1> 2> 3> 4> 5> 6> 7> 8> 9> 10> 11> Msg 6528, Level 16, State 1, Server GW04, Procedure ExecuteTurbulenceWorker, Line 1
Assembly 'Turbulence' was not found in the SQL catalog of database 'turbdev'.
1> 2> Msg 15151, Level 16, State 1, Server GW04, Line 1
Cannot find the object 'ExecuteTurbulenceWorker', because it does not exist or
you do not have permission.
1> 2> 3> 4> 5> 6> 7> 8> 9> 10> 11> 12> 13> 14> 15> Msg 6528, Level 16, State 1, Server GW04, Procedure ExecuteMHDWorker, Line 1
Assembly 'Turbulence' was not found in the SQL catalog of database 'turbdev'.
1> 2> Msg 15151, Level 16, State 1, Server GW04, Line 1
Cannot find the object 'ExecuteMHDWorker', because it does not exist or you do
not have permission.
1> 2> 3> 4> 5> 6> 7> 8> 9> 10> 11> 12> 13> 14> 15> Msg 6528, Level 16, State 1, Server GW04, Procedure ExecuteBoxFilterWorker, Line 1
Assembly 'Turbulence' was not found in the SQL catalog of database 'turbdev'.
1> 2> Msg 15151, Level 16, State 1, Server GW04, Line 1
Cannot find the object 'ExecuteBoxFilterWorker', because it does not exist or
you do not have permission.
1> 2> 3> 4> 5> 6> 7> 8> 9> 10> Msg 6528, Level 16, State 1, Server GW04, Procedure GetDataCutout, Line 1
Assembly 'Turbulence' was not found in the SQL catalog of database 'turbdev'.
1> 2> Msg 15151, Level 16, State 1, Server GW04, Line 1
Cannot find the object 'GetDataCutout', because it does not exist or you do
not have permission.
1> 2> 3> 4> 5> 6> 7> 8> 9> 10> 11> 12> 13> 14> 15> 16> 17> Msg 6528, Level 16, State 1, Server GW04, Procedure GetThreshold, Line 1
Assembly 'Turbulence' was not found in the SQL catalog of database 'turbdev'.
1> 2> Msg 15151, Level 16, State 1, Server GW04, Line 1
Cannot find the object 'GetThreshold', because it does not exist or you do not
have permission.
1> 2> 3> 4> 5> 6> 7> 8> 9> 10> 11> 12> 13> 14> 15> 16> Msg 6528, Level 16, State 1, Server GW04, Procedure GetFilteredCutout, Line 1
Assembly 'Turbulence' was not found in the SQL catalog of database 'turbdev'.
1> 2> Msg 15151, Level 16, State 1, Server GW04, Line 1
Cannot find the object 'GetFilteredCutout', because it does not exist or you
do not have permission.
1> 2> 3> 4> 5> 6> 7> 8> 9> 10> 11> 12> 13> 14> 15> Msg 6528, Level 16, State 1, Server GW04, Procedure GetStridedDataCutout, Line 1
Assembly 'Turbulence' was not found in the SQL catalog of database 'turbdev'.
1> 2> Msg 15151, Level 16, State 1, Server GW04, Line 1
Cannot find the object 'GetStridedDataCutout', because it does not exist or
you do not have permission.
1> 2> 3> 4> 5> 6> 7> 8> 9> 10> 11> 12> 13> 14> 15> 16> Msg 6528, Level 16, State 1, Server GW04, Procedure ExecuteTwoFieldsWorker, Line 1
Assembly 'Turbulence' was not found in the SQL catalog of database 'turbdev'.
1> 2> Msg 15151, Level 16, State 1, Server GW04, Line 1
Cannot find the object 'ExecuteTwoFieldsWorker', because it does not exist or
you do not have permission.
1> 2> 3> 4> 5> 6> 7> 8> 9> 10> 11> 12> 13> 14> 15> 16> Msg 6528, Level 16, State 1, Server GW04, Procedure ExecuteTwoFieldsBoxFilterWorker, Line 1
Assembly 'Turbulence' was not found in the SQL catalog of database 'turbdev'.
1> 2> Msg 15151, Level 16, State 1, Server GW04, Line 1
Cannot find the object 'ExecuteTwoFieldsBoxFilterWorker', because it does not
exist or you do not have permission.
1> 2> 3> 4> 5> 6> 7> 8> Msg 6528, Level 16, State 1, Server GW04, Procedure CreateMortonIndex, Line 1
Assembly 'Turbulence' was not found in the SQL catalog of database 'turbdev'.
1> 2> Msg 15151, Level 16, State 1, Server GW04, Line 1
Cannot find the object 'CreateMortonIndex', because it does not exist or you
do not have permission.
1> 2> 3> 4> 5> 6> Msg 6528, Level 16, State 1, Server GW04, Procedure GetMortonX, Line 1
Assembly 'Turbulence' was not found in the SQL catalog of database 'turbdev'.
1> 2> Msg 15151, Level 16, State 1, Server GW04, Line 1
Cannot find the object 'GetMortonX', because it does not exist or you do not
have permission.
1> 2> 3> 4> 5> 6> Msg 6528, Level 16, State 1, Server GW04, Procedure GetMortonY, Line 1
Assembly 'Turbulence' was not found in the SQL catalog of database 'turbdev'.
1> 2> Msg 15151, Level 16, State 1, Server GW04, Line 1
Cannot find the object 'GetMortonY', because it does not exist or you do not
have permission.
1> 2> 3> 4> 5> 6> Msg 6528, Level 16, State 1, Server GW04, Procedure GetMortonZ, Line 1
Assembly 'Turbulence' was not found in the SQL catalog of database 'turbdev'.
1> 2> Msg 15151, Level 16, State 1, Server GW04, Line 1
Cannot find the object 'GetMortonZ', because it does not exist or you do not
have permission.
1> 2> 3> 4> 5> 6> 7> 8> 9> 10> 11> 12> 13> 14> 15> 16> 17> 18> 19> Login failed for user 'SDSS\shamilto'.
Login failed for user 'SDSS\shamilto'.
1> 2> 3> 4> 5> 6> 7> 8> 9> 10> 11> 12> 13> 14> 15> 16> 17> 18> 19> 20> 21> 22> 23> 24> 25> 26> 27> 28> 29> 30> 31> 32> 33> 34> 35> 36> 37> 38> 39> 40> 41> 42> 43> 44> 45> 46> 47> 48> 49> 50> 51> 52> 53> 54> 55> 56> 57> 58> 59> 60> 61> 62> 63> 64> 65> 66> 67> 68> 69> 70> 71> 72> 73> 74> 75> 76> 77> 78> 79> 80> 81> 82> 83> 84> 85> 86> 87> 88> 89> 90> 91> 92> 93> 94> 95> 96> 97> 98> 99> 100> 101> 102> 103> 104> 105> 106> 107> 108> 109> 110> 111> 112> 113> 114> 115> 116> 117> 118> 119> 120> 121> 122> 123> 124> 125> 126> 127> 128> 129> 130> 131> 132> 133> 134> 135> 136> 137> 138> 139> 140> 141> 142> 143> 144> 145> 146> 147> 148> 149> 150> 151> 152> 153> 154> 155> 156> 157> 158> 159> 160> 161> 162> 163> 164> 165> 166> 167> 168> 169> 170> 171> 172> 173> 174> 175> 176> 177> 178> 179> 180> 181> 182> 183> 184> 185> 186> 187> 188> 189> 190> 191> 192> 193> 194> 195> 196> 197> 198> 199> 200> 201> 202> 203> 204> 205> 206> 207> 208> 209> 210> 211> 212> 213> 214> 215> 216> 217> 218> 219> 220> 221> 222> 223> 224> 225> 226> 227> 228> 229> 230> 231> 232> 233> 234> 235> 236> 237> 238> 239> 240> 241> 242> 243> 244> 245> 246> 247> 248> 249> 250> 251> 252> 253> 254> 255> 256> 257> 258> 259> 260> 261> 262> 263> 264> 265> 266> 267> 268> 269> 270> 271> 272> 273> 274> 275> 276> 277> 278> 279> 280> 281> 282> 283> 284> 285> 286> 287> 288> 289> 290> 291> 292> 293> 294> 295> 296> 297> 298> 299> 300> 301> 302> 303> 304> 305> 306> 307> 308> 309> 310> 311> 312> 313> 314> 315> 316> 317> 318> 319> 320> 321> 322> 323> 324> 325> 326> 327> 328> 329> 330> 331> 332> 333> 334> 335> 336> 337> 338> 339> 340> 341> 342> 343> 344> 345> 346> 347> 348> 349> 350> 351> 352> 353> 354> 355> 356> 357> 358> 359> 360> 361> 362> 363> 364> 365> 366> 367> 368> 369> 370> 371> 372> 373> 374> 375> 376> 377> 378> 379> 380> 381> 382> 383> 384> 385> 386> 387> 388> 389> 390> 391> 392> 393> 394> 395> 396> 397> 398> 399> 400> 401> 402> 403> 404> 405> 406> 407> 408> 409> 410> 411> 412> 413> 414> 415> 416> 417> 418> 419> 420> 421> 422> 423> 424> 425> 426> 427> 428> 429> 430> 431> 432> 433> 434> 435> 436> 437> 438> 439> 440> 441> 442> 443> 444> 445> 446> 447> 448> 449> 450> 451> 452> 453> 454> 455> 456> 457> 458> 459> 460> 461> 462> 463> 464> 465> 466> 467> 468> 469> 470> 471> 472> 473> 474> 475> 476> 477> 478> 479> 480> 481> 482> 483> 484> 485> 486> 487> 488> 489> 490> 491> 492> 493> 494> 495> 496> 497> 498> 499> 500> 501> 502> 503> 504> 505> 506> 507> 508> 509> 510> 511> 512> 513> 514> 515> 516> 517> 518> 519> 520> 521> 522> 523> 524> 525> 526> 527> 528> 529> 530> 531> 532> 533> 534> 535> 536> 537> 538> 539> 540> 541> 542> 543> 544> 545> 546> 547> 548> 549> 550> 551> 552> 553> 554> 555> 556> 557> 558> 559> 560> 561> 562> 563> 564> 565> 566> 567> 568> 569> 570> 571> 572> 573> 574> 575> 576> 577> 578> 579> 580> 581> 582> 583> 584> 585> 586> 587> 588> 589> 590> 591> 592> 593> 594> 595> 596> 597> 598> 599> 600> 601> 602> 603> 604> 605> 606> 607> 608> 609> 610> 611> 612> 613> 614> 615> 616> 617> 618> 619> 620> 621> 622> 623> 624> 625> 626> 627> 628> 629> 630> 631> 632> 633> 634> 635> 636> 637> 638> 639> 640> 641> 642> 643> 644> 645> 646> 647> 648> 649> 650> 651> 652> 653> 654> 655> 656> 657> 658> 659> 660> 661> 662> 663> 664> 665> 666> 667> 668> 669> 670> 671> 672> 673> 674> 675> 676> 677> 678> 679> 680> 681> 682> 683> 684> 685> 686> 687> 688> 689> 690> 691> 692> 693> 694> 695> 696> 697> 698> 699> 700> 701> 702> 703> 704> 705> 706> 707> 708> 709> 710> 711> 712> 713> 714> 715> 716> 717> 718> 719> 720> 721> 722> 723> 724> 725> 726> 727> 728> 729> 730> 731> 732> 733> Msg 3701, Level 11, State 5, Server GW13, Line 5
Cannot drop the function 'dbo.CreateMortonIndex', because it does not exist or
you do not have permission.
Msg 3701, Level 11, State 5, Server GW13, Line 6
Cannot drop the function 'dbo.GetMortonX', because it does not exist or you do
not have permission.
Msg 3701, Level 11, State 5, Server GW13, Line 7
Cannot drop the function 'dbo.GetMortonY', because it does not exist or you do
not have permission.
Msg 3701, Level 11, State 5, Server GW13, Line 8
Cannot drop the function 'dbo.GetMortonZ', because it does not exist or you do
not have permission.
Msg 3701, Level 11, State 5, Server GW13, Line 9
Cannot drop the procedure 'dbo.ExecuteTurbulenceWorker', because it does not
exist or you do not have permission.
Msg 3701, Level 11, State 5, Server GW13, Line 10
Cannot drop the procedure 'dbo.ExecuteGetPositionWorker', because it does not
exist or you do not have permission.
Msg 3701, Level 11, State 5, Server GW13, Line 11
Cannot drop the procedure 'dbo.ExecuteMHDWorker', because it does not exist or
you do not have permission.
Msg 3701, Level 11, State 5, Server GW13, Line 12
Cannot drop the procedure 'dbo.ExecuteBoxFilterWorker', because it does not
exist or you do not have permission.
Msg 3701, Level 11, State 5, Server GW13, Line 13
Cannot drop the procedure 'dbo.GetDataCutout', because it does not exist or
you do not have permission.
Msg 3701, Level 11, State 5, Server GW13, Line 14
Cannot drop the procedure 'dbo.GetThreshold', because it does not exist or you
do not have permission.
Msg 3701, Level 11, State 5, Server GW13, Line 15
Cannot drop the procedure 'dbo.GetFilteredCutout', because it does not exist
or you do not have permission.
Msg 3701, Level 11, State 5, Server GW13, Line 16
Cannot drop the procedure 'dbo.GetStridedDataCutout', because it does not
exist or you do not have permission.
Msg 3701, Level 11, State 5, Server GW13, Line 17
Cannot drop the procedure 'dbo.ExecuteTwoFieldsWorker', because it does not
exist or you do not have permission.
Msg 3701, Level 11, State 5, Server GW13, Line 18
Cannot drop the procedure 'dbo.ExecuteTwoFieldsBoxFilterWorker', because it
does not exist or you do not have permission.
Msg 3701, Level 11, State 5, Server GW13, Line 19
Cannot drop the procedure 'dbo.ExecuteParticleTrackingWorkerTaskParallel',
because it does not exist or you do not have permission.
Msg 3701, Level 11, State 5, Server GW13, Line 20
Cannot drop the procedure
'dbo.ExecuteParticleTrackingChannelWorkerTaskParallel', because it does not
exist or you do not have permission.
Msg 15151, Level 16, State 1, Server GW13, Line 22
Cannot drop the assembly 'Turbulence', because it does not exist or you do not
have permission.
Msg 6257, Level 16, State 1, Server GW13, Line 23
CREATE ASSEMBLY for assembly 'Turbulence' failed because the assembly is built
for an unsupported version of the Common Language Runtime.
1> 2> 3> 4> 5> 6> 7> 8> 9> 10> 11> 12> 13> 14> 15> 16> 17> 18> 19> 20> Msg 6528, Level 16, State 1, Server GW13, Procedure ExecuteParticleTrackingWorkerTaskParallel, Line 1
Assembly 'Turbulence' was not found in the SQL catalog of database 'turbdev'.
1> 2> Msg 15151, Level 16, State 1, Server GW13, Line 1
Cannot find the object 'ExecuteParticleTrackingWorkerTaskParallel', because it
does not exist or you do not have permission.
1> 2> 3> 4> 5> 6> 7> 8> 9> 10> 11> 12> 13> 14> 15> 16> 17> 18> 19> 20> Msg 6528, Level 16, State 1, Server GW13, Procedure ExecuteParticleTrackingChannelWorkerTaskParallel, Line 1
Assembly 'Turbulence' was not found in the SQL catalog of database 'turbdev'.
1> 2> Msg 15151, Level 16, State 1, Server GW13, Line 1
Cannot find the object 'ExecuteParticleTrackingChannelWorkerTaskParallel',
because it does not exist or you do not have permission.
1> 2> 3> 4> 5> 6> 7> 8> 9> 10> 11> 12> 13> 14> 15> 16> Msg 6528, Level 16, State 1, Server GW13, Procedure ExecuteGetPositionWorker, Line 1
Assembly 'Turbulence' was not found in the SQL catalog of database 'turbdev'.
1> 2> Msg 15151, Level 16, State 1, Server GW13, Line 1
Cannot find the object 'ExecuteGetPositionWorker', because it does not exist
or you do not have permission.
1> 2> 3> 4> 5> 6> 7> 8> 9> 10> 11> Msg 6528, Level 16, State 1, Server GW13, Procedure ExecuteTurbulenceWorker, Line 1
Assembly 'Turbulence' was not found in the SQL catalog of database 'turbdev'.
1> 2> Msg 15151, Level 16, State 1, Server GW13, Line 1
Cannot find the object 'ExecuteTurbulenceWorker', because it does not exist or
you do not have permission.
1> 2> 3> 4> 5> 6> 7> 8> 9> 10> 11> 12> 13> 14> 15> Msg 6528, Level 16, State 1, Server GW13, Procedure ExecuteMHDWorker, Line 1
Assembly 'Turbulence' was not found in the SQL catalog of database 'turbdev'.
1> 2> Msg 15151, Level 16, State 1, Server GW13, Line 1
Cannot find the object 'ExecuteMHDWorker', because it does not exist or you do
not have permission.
1> 2> 3> 4> 5> 6> 7> 8> 9> 10> 11> 12> 13> 14> 15> Msg 6528, Level 16, State 1, Server GW13, Procedure ExecuteBoxFilterWorker, Line 1
Assembly 'Turbulence' was not found in the SQL catalog of database 'turbdev'.
1> 2> Msg 15151, Level 16, State 1, Server GW13, Line 1
Cannot find the object 'ExecuteBoxFilterWorker', because it does not exist or
you do not have permission.
1> 2> 3> 4> 5> 6> 7> 8> 9> 10> Msg 6528, Level 16, State 1, Server GW13, Procedure GetDataCutout, Line 1
Assembly 'Turbulence' was not found in the SQL catalog of database 'turbdev'.
1> 2> Msg 15151, Level 16, State 1, Server GW13, Line 1
Cannot find the object 'GetDataCutout', because it does not exist or you do
not have permission.
1> 2> 3> 4> 5> 6> 7> 8> 9> 10> 11> 12> 13> 14> 15> 16> 17> Msg 6528, Level 16, State 1, Server GW13, Procedure GetThreshold, Line 1
Assembly 'Turbulence' was not found in the SQL catalog of database 'turbdev'.
1> 2> Msg 15151, Level 16, State 1, Server GW13, Line 1
Cannot find the object 'GetThreshold', because it does not exist or you do not
have permission.
1> 2> 3> 4> 5> 6> 7> 8> 9> 10> 11> 12> 13> 14> 15> 16> Msg 6528, Level 16, State 1, Server GW13, Procedure GetFilteredCutout, Line 1
Assembly 'Turbulence' was not found in the SQL catalog of database 'turbdev'.
1> 2> Msg 15151, Level 16, State 1, Server GW13, Line 1
Cannot find the object 'GetFilteredCutout', because it does not exist or you
do not have permission.
1> 2> 3> 4> 5> 6> 7> 8> 9> 10> 11> 12> 13> 14> 15> Msg 6528, Level 16, State 1, Server GW13, Procedure GetStridedDataCutout, Line 1
Assembly 'Turbulence' was not found in the SQL catalog of database 'turbdev'.
1> 2> Msg 15151, Level 16, State 1, Server GW13, Line 1
Cannot find the object 'GetStridedDataCutout', because it does not exist or
you do not have permission.
1> 2> 3> 4> 5> 6> 7> 8> 9> 10> 11> 12> 13> 14> 15> 16> Msg 6528, Level 16, State 1, Server GW13, Procedure ExecuteTwoFieldsWorker, Line 1
Assembly 'Turbulence' was not found in the SQL catalog of database 'turbdev'.
1> 2> Msg 15151, Level 16, State 1, Server GW13, Line 1
Cannot find the object 'ExecuteTwoFieldsWorker', because it does not exist or
you do not have permission.
1> 2> 3> 4> 5> 6> 7> 8> 9> 10> 11> 12> 13> 14> 15> 16> Msg 6528, Level 16, State 1, Server GW13, Procedure ExecuteTwoFieldsBoxFilterWorker, Line 1
Assembly 'Turbulence' was not found in the SQL catalog of database 'turbdev'.
1> 2> Msg 15151, Level 16, State 1, Server GW13, Line 1
Cannot find the object 'ExecuteTwoFieldsBoxFilterWorker', because it does not
exist or you do not have permission.
1> 2> 3> 4> 5> 6> 7> 8> Msg 6528, Level 16, State 1, Server GW13, Procedure CreateMortonIndex, Line 1
Assembly 'Turbulence' was not found in the SQL catalog of database 'turbdev'.
1> 2> Msg 15151, Level 16, State 1, Server GW13, Line 1
Cannot find the object 'CreateMortonIndex', because it does not exist or you
do not have permission.
1> 2> 3> 4> 5> 6> Msg 6528, Level 16, State 1, Server GW13, Procedure GetMortonX, Line 1
Assembly 'Turbulence' was not found in the SQL catalog of database 'turbdev'.
1> 2> Msg 15151, Level 16, State 1, Server GW13, Line 1
Cannot find the object 'GetMortonX', because it does not exist or you do not
have permission.
1> 2> 3> 4> 5> 6> Msg 6528, Level 16, State 1, Server GW13, Procedure GetMortonY, Line 1
Assembly 'Turbulence' was not found in the SQL catalog of database 'turbdev'.
1> 2> Msg 15151, Level 16, State 1, Server GW13, Line 1
Cannot find the object 'GetMortonY', because it does not exist or you do not
have permission.
1> 2> 3> 4> 5> 6> Msg 6528, Level 16, State 1, Server GW13, Procedure GetMortonZ, Line 1
Assembly 'Turbulence' was not found in the SQL catalog of database 'turbdev'.
1> 2> Msg 15151, Level 16, State 1, Server GW13, Line 1
Cannot find the object 'GetMortonZ', because it does not exist or you do not
have permission.
1> 2> 3> 4> 5> 6> 7> 8> 9> 10> 11> 12> 13> 14> 15> 16> 17> 18> 19> 1> 2> 3> 4> 5> 6> 7> 8> 9> 10> 11> 12> 13> 14> 15> 16> 17> 18> 19> 20> 21> 22> 23> 24> 25> 26> 27> 28> 29> 30> 31> 32> 33> 34> 35> 36> 37> 38> 39> 40> 41> 42> 43> 44> 45> 46> 47> 48> 49> 50> 51> 52> 53> 54> 55> 56> 57> 58> 59> 60> 61> 62> 63> 64> 65> 66> 67> 68> 69> 70> 71> 72> 73> 74> 75> 76> 77> 78> 79> 80> 81> 82> 83> 84> 85> 86> 87> 88> 89> 90> 91> 92> 93> 94> 95> 96> 97> 98> 99> 100> 101> 102> 103> 104> 105> 106> 107> 108> 109> 110> 111> 112> 113> 114> 115> 116> 117> 118> 119> 120> 121> 122> 123> 124> 125> 126> 127> 128> 129> 130> 131> 132> 133> 134> 135> 136> 137> 138> 139> 140> 141> 142> 143> 144> 145> 146> 147> 148> 149> 150> 151> 152> 153> 154> 155> 156> 157> 158> 159> 160> 161> 162> 163> 164> 165> 166> 167> 168> 169> 170> 171> 172> 173> 174> 175> 176> 177> 178> 179> 180> 181> 182> 183> 184> 185> 186> 187> 188> 189> 190> 191> 192> 193> 194> 195> 196> 197> 198> 199> 200> 201> 202> 203> 204> 205> 206> 207> 208> 209> 210> 211> 212> 213> 214> 215> 216> 217> 218> 219> 220> 221> 222> 223> 224> 225> 226> 227> 228> 229> 230> 231> 232> 233> 234> 235> 236> 237> 238> 239> 240> 241> 242> 243> 244> 245> 246> 247> 248> 249> 250> 251> 252> 253> 254> 255> 256> 257> 258> 259> 260> 261> 262> 263> 264> 265> 266> 267> 268> 269> 270> 271> 272> 273> 274> 275> 276> 277> 278> 279> 280> 281> 282> 283> 284> 285> 286> 287> 288> 289> 290> 291> 292> 293> 294> 295> 296> 297> 298> 299> 300> 301> 302> 303> 304> 305> 306> 307> 308> 309> 310> 311> 312> 313> 314> 315> 316> 317> 318> 319> 320> 321> 322> 323> 324> 325> 326> 327> 328> 329> 330> 331> 332> 333> 334> 335> 336> 337> 338> 339> 340> 341> 342> 343> 344> 345> 346> 347> 348> 349> 350> 351> 352> 353> 354> 355> 356> 357> 358> 359> 360> 361> 362> 363> 364> 365> 366> 367> 368> 369> 370> 371> 372> 373> 374> 375> 376> 377> 378> 379> 380> 381> 382> 383> 384> 385> 386> 387> 388> 389> 390> 391> 392> 393> 394> 395> 396> 397> 398> 399> 400> 401> 402> 403> 404> 405> 406> 407> 408> 409> 410> 411> 412> 413> 414> 415> 416> 417> 418> 419> 420> 421> 422> 423> 424> 425> 426> 427> 428> 429> 430> 431> 432> 433> 434> 435> 436> 437> 438> 439> 440> 441> 442> 443> 444> 445> 446> 447> 448> 449> 450> 451> 452> 453> 454> 455> 456> 457> 458> 459> 460> 461> 462> 463> 464> 465> 466> 467> 468> 469> 470> 471> 472> 473> 474> 475> 476> 477> 478> 479> 480> 481> 482> 483> 484> 485> 486> 487> 488> 489> 490> 491> 492> 493> 494> 495> 496> 497> 498> 499> 500> 501> 502> 503> 504> 505> 506> 507> 508> 509> 510> 511> 512> 513> 514> 515> 516> 517> 518> 519> 520> 521> 522> 523> 524> 525> 526> 527> 528> 529> 530> 531> 532> 533> 534> 535> 536> 537> 538> 539> 540> 541> 542> 543> 544> 545> 546> 547> 548> 549> 550> 551> 552> 553> 554> 555> 556> 557> 558> 559> 560> 561> 562> 563> 564> 565> 566> 567> 568> 569> 570> 571> 572> 573> 574> 575> 576> 577> 578> 579> 580> 581> 582> 583> 584> 585> 586> 587> 588> 589> 590> 591> 592> 593> 594> 595> 596> 597> 598> 599> 600> 601> 602> 603> 604> 605> 606> 607> 608> 609> 610> 611> 612> 613> 614> 615> 616> 617> 618> 619> 620> 621> 622> 623> 624> 625> 626> 627> 628> 629> 630> 631> 632> 633> 634> 635> 636> 637> 638> 639> 640> 641> 642> 643> 644> 645> 646> 647> 648> 649> 650> 651> 652> 653> 654> 655> 656> 657> 658> 659> 660> 661> 662> 663> 664> 665> 666> 667> 668> 669> 670> 671> 672> 673> 674> 675> 676> 677> 678> 679> 680> 681> 682> 683> 684> 685> 686> 687> 688> 689> 690> 691> 692> 693> 694> 695> 696> 697> 698> 699> 700> 701> 702> 703> 704> 705> 706> 707> 708> 709> 710> 711> 712> 713> 714> 715> 716> 717> 718> 719> 720> 721> 722> 723> 724> 725> 726> 727> 728> 729> 730> 731> 732> 733> Msg 3701, Level 11, State 5, Server DSP085, Line 20
Cannot drop the procedure
'dbo.ExecuteParticleTrackingChannelWorkerTaskParallel', because it does not
exist or you do not have permission.
Msg 6590, Level 16, State 1, Server DSP085, Line 22
DROP ASSEMBLY failed because 'Turbulence' is referenced by object 'GetPDF'.
Msg 6246, Level 16, State 1, Server DSP085, Line 23
Assembly "Turbulence" already exists in database "turbdev".
1> 2> 3> 4> 5> 6> 7> 8> 9> 10> 11> 12> 13> 14> 15> 16> 17> 18> 19> 20> 1> 2> 1> 2> 3> 4> 5> 6> 7> 8> 9> 10> 11> 12> 13> 14> 15> 16> 17> 18> 19> 20> Msg 6506, Level 16, State 1, Server DSP085, Procedure ExecuteParticleTrackingChannelWorkerTaskParallel, Line 1
Could not find method 'ExecuteParticleTrackingChannelWorkerTaskParallel' for
type 'StoredProcedures' in assembly 'Turbulence'
1> 2> Msg 15151, Level 16, State 1, Server DSP085, Line 1
Cannot find the object 'ExecuteParticleTrackingChannelWorkerTaskParallel',
because it does not exist or you do not have permission.
1> 2> 3> 4> 5> 6> 7> 8> 9> 10> 11> 12> 13> 14> 15> 16> 1> 2> 1> 2> 3> 4> 5> 6> 7> 8> 9> 10> 11> 1> 2> 1> 2> 3> 4> 5> 6> 7> 8> 9> 10> 11> 12> 13> 14> 15> 1> 2> 1> 2> 3> 4> 5> 6> 7> 8> 9> 10> 11> 12> 13> 14> 15> 1> 2> 1> 2> 3> 4> 5> 6> 7> 8> 9> 10> 1> 2> 1> 2> 3> 4> 5> 6> 7> 8> 9> 10> 11> 12> 13> 14> 15> 16> 17> 1> 2> 1> 2> 3> 4> 5> 6> 7> 8> 9> 10> 11> 12> 13> 14> 15> 16> 1> 2> 1> 2> 3> 4> 5> 6> 7> 8> 9> 10> 11> 12> 13> 14> 15> 1> 2> 1> 2> 3> 4> 5> 6> 7> 8> 9> 10> 11> 12> 13> 14> 15> 16> 1> 2> 1> 2> 3> 4> 5> 6> 7> 8> 9> 10> 11> 12> 13> 14> 15> 16> 1> 2> 1> 2> 3> 4> 5> 6> 7> 8> 1> 2> 1> 2> 3> 4> 5> 6> 1> 2> 1> 2> 3> 4> 5> 6> 1> 2> 1> 2> 3> 4> 5> 6> 1> 2> 1> 2> 3> 4> 5> 6> 7> 8> 9> 10> 11> 12> 13> 14> 15> 16> 17> 18> 19> 1> 2> 3> 4> 5> 6> 7> 8> 9> 10> 11> 12> 13> 14> 15> 16> 17> 18> 19> 20> 21> 22> 23> 24> 25> 26> 27> 28> 29> 30> 31> 32> 33> 34> 35> 36> 37> 38> 39> 40> 41> 42> 43> 44> 45> 46> 47> 48> 49> 50> 51> 52> 53> 54> 55> 56> 57> 58> 59> 60> 61> 62> 63> 64> 65> 66> 67> 68> 69> 70> 71> 72> 73> 74> 75> 76> 77> 78> 79> 80> 81> 82> 83> 84> 85> 86> 87> 88> 89> 90> 91> 92> 93> 94> 95> 96> 97> 98> 99> 100> 101> 102> 103> 104> 105> 106> 107> 108> 109> 110> 111> 112> 113> 114> 115> 116> 117> 118> 119> 120> 121> 122> 123> 124> 125> 126> 127> 128> 129> 130> 131> 132> 133> 134> 135> 136> 137> 138> 139> 140> 141> 142> 143> 144> 145> 146> 147> 148> 149> 150> 151> 152> 153> 154> 155> 156> 157> 158> 159> 160> 161> 162> 163> 164> 165> 166> 167> 168> 169> 170> 171> 172> 173> 174> 175> 176> 177> 178> 179> 180> 181> 182> 183> 184> 185> 186> 187> 188> 189> 190> 191> 192> 193> 194> 195> 196> 197> 198> 199> 200> 201> 202> 203> 204> 205> 206> 207> 208> 209> 210> 211> 212> 213> 214> 215> 216> 217> 218> 219> 220> 221> 222> 223> 224> 225> 226> 227> 228> 229> 230> 231> 232> 233> 234> 235> 236> 237> 238> 239> 240> 241> 242> 243> 244> 245> 246> 247> 248> 249> 250> 251> 252> 253> 254> 255> 256> 257> 258> 259> 260> 261> 262> 263> 264> 265> 266> 267> 268> 269> 270> 271> 272> 273> 274> 275> 276> 277> 278> 279> 280> 281> 282> 283> 284> 285> 286> 287> 288> 289> 290> 291> 292> 293> 294> 295> 296> 297> 298> 299> 300> 301> 302> 303> 304> 305> 306> 307> 308> 309> 310> 311> 312> 313> 314> 315> 316> 317> 318> 319> 320> 321> 322> 323> 324> 325> 326> 327> 328> 329> 330> 331> 332> 333> 334> 335> 336> 337> 338> 339> 340> 341> 342> 343> 344> 345> 346> 347> 348> 349> 350> 351> 352> 353> 354> 355> 356> 357> 358> 359> 360> 361> 362> 363> 364> 365> 366> 367> 368> 369> 370> 371> 372> 373> 374> 375> 376> 377> 378> 379> 380> 381> 382> 383> 384> 385> 386> 387> 388> 389> 390> 391> 392> 393> 394> 395> 396> 397> 398> 399> 400> 401> 402> 403> 404> 405> 406> 407> 408> 409> 410> 411> 412> 413> 414> 415> 416> 417> 418> 419> 420> 421> 422> 423> 424> 425> 426> 427> 428> 429> 430> 431> 432> 433> 434> 435> 436> 437> 438> 439> 440> 441> 442> 443> 444> 445> 446> 447> 448> 449> 450> 451> 452> 453> 454> 455> 456> 457> 458> 459> 460> 461> 462> 463> 464> 465> 466> 467> 468> 469> 470> 471> 472> 473> 474> 475> 476> 477> 478> 479> 480> 481> 482> 483> 484> 485> 486> 487> 488> 489> 490> 491> 492> 493> 494> 495> 496> 497> 498> 499> 500> 501> 502> 503> 504> 505> 506> 507> 508> 509> 510> 511> 512> 513> 514> 515> 516> 517> 518> 519> 520> 521> 522> 523> 524> 525> 526> 527> 528> 529> 530> 531> 532> 533> 534> 535> 536> 537> 538> 539> 540> 541> 542> 543> 544> 545> 546> 547> 548> 549> 550> 551> 552> 553> 554> 555> 556> 557> 558> 559> 560> 561> 562> 563> 564> 565> 566> 567> 568> 569> 570> 571> 572> 573> 574> 575> 576> 577> 578> 579> 580> 581> 582> 583> 584> 585> 586> 587> 588> 589> 590> 591> 592> 593> 594> 595> 596> 597> 598> 599> 600> 601> 602> 603> 604> 605> 606> 607> 608> 609> 610> 611> 612> 613> 614> 615> 616> 617> 618> 619> 620> 621> 622> 623> 624> 625> 626> 627> 628> 629> 630> 631> 632> 633> 634> 635> 636> 637> 638> 639> 640> 641> 642> 643> 644> 645> 646> 647> 648> 649> 650> 651> 652> 653> 654> 655> 656> 657> 658> 659> 660> 661> 662> 663> 664> 665> 666> 667> 668> 669> 670> 671> 672> 673> 674> 675> 676> 677> 678> 679> 680> 681> 682> 683> 684> 685> 686> 687> 688> 689> 690> 691> 692> 693> 694> 695> 696> 697> 698> 699> 700> 701> 702> 703> 704> 705> 706> 707> 708> 709> 710> 711> 712> 713> 714> 715> 716> 717> 718> 719> 720> 721> 722> 723> 724> 725> 726> 727> 728> 729> 730> 731> 732> 733> Msg 3701, Level 11, State 5, Server DSP087, Line 20
Cannot drop the procedure
'dbo.ExecuteParticleTrackingChannelWorkerTaskParallel', because it does not
exist or you do not have permission.
Msg 6590, Level 16, State 1, Server DSP087, Line 22
DROP ASSEMBLY failed because 'Turbulence' is referenced by object 'GetPDF'.
Msg 6246, Level 16, State 1, Server DSP087, Line 23
Assembly "Turbulence" already exists in database "turbdev".
1> 2> 3> 4> 5> 6> 7> 8> 9> 10> 11> 12> 13> 14> 15> 16> 17> 18> 19> 20> 1> 2> 1> 2> 3> 4> 5> 6> 7> 8> 9> 10> 11> 12> 13> 14> 15> 16> 17> 18> 19> 20> Msg 6506, Level 16, State 1, Server DSP087, Procedure ExecuteParticleTrackingChannelWorkerTaskParallel, Line 1
Could not find method 'ExecuteParticleTrackingChannelWorkerTaskParallel' for
type 'StoredProcedures' in assembly 'Turbulence'
1> 2> Msg 15151, Level 16, State 1, Server DSP087, Line 1
Cannot find the object 'ExecuteParticleTrackingChannelWorkerTaskParallel',
because it does not exist or you do not have permission.
1> 2> 3> 4> 5> 6> 7> 8> 9> 10> 11> 12> 13> 14> 15> 16> 1> 2> 1> 2> 3> 4> 5> 6> 7> 8> 9> 10> 11> 1> 2> 1> 2> 3> 4> 5> 6> 7> 8> 9> 10> 11> 12> 13> 14> 15> 1> 2> 1> 2> 3> 4> 5> 6> 7> 8> 9> 10> 11> 12> 13> 14> 15> 1> 2> 1> 2> 3> 4> 5> 6> 7> 8> 9> 10> 1> 2> 1> 2> 3> 4> 5> 6> 7> 8> 9> 10> 11> 12> 13> 14> 15> 16> 17> 1> 2> 1> 2> 3> 4> 5> 6> 7> 8> 9> 10> 11> 12> 13> 14> 15> 16> 1> 2> 1> 2> 3> 4> 5> 6> 7> 8> 9> 10> 11> 12> 13> 14> 15> 1> 2> 1> 2> 3> 4> 5> 6> 7> 8> 9> 10> 11> 12> 13> 14> 15> 16> 1> 2> 1> 2> 3> 4> 5> 6> 7> 8> 9> 10> 11> 12> 13> 14> 15> 16> 1> 2> 1> 2> 3> 4> 5> 6> 7> 8> 1> 2> 1> 2> 3> 4> 5> 6> 1> 2> 1> 2> 3> 4> 5> 6> 1> 2> 1> 2> 3> 4> 5> 6> 1> 2> 1> 2> 3> 4> 5> 6> 7> 8> 9> 10> 11> 12> 13> 14> 15> 16> 17> 18> 19> 1> 2> 3> 4> 5> 6> 7> 8> 9> 10> 11> 12> 13> 14> 15> 16> 17> 18> 19> 20> 21> 22> 23> 24> 25> 26> 27> 28> 29> 30> 31> 32> 33> 34> 35> 36> 37> 38> 39> 40> 41> 42> 43> 44> 45> 46> 47> 48> 49> 50> 51> 52> 53> 54> 55> 56> 57> 58> 59> 60> 61> 62> 63> 64> 65> 66> 67> 68> 69> 70> 71> 72> 73> 74> 75> 76> 77> 78> 79> 80> 81> 82> 83> 84> 85> 86> 87> 88> 89> 90> 91> 92> 93> 94> 95> 96> 97> 98> 99> 100> 101> 102> 103> 104> 105> 106> 107> 108> 109> 110> 111> 112> 113> 114> 115> 116> 117> 118> 119> 120> 121> 122> 123> 124> 125> 126> 127> 128> 129> 130> 131> 132> 133> 134> 135> 136> 137> 138> 139> 140> 141> 142> 143> 144> 145> 146> 147> 148> 149> 150> 151> 152> 153> 154> 155> 156> 157> 158> 159> 160> 161> 162> 163> 164> 165> 166> 167> 168> 169> 170> 171> 172> 173> 174> 175> 176> 177> 178> 179> 180> 181> 182> 183> 184> 185> 186> 187> 188> 189> 190> 191> 192> 193> 194> 195> 196> 197> 198> 199> 200> 201> 202> 203> 204> 205> 206> 207> 208> 209> 210> 211> 212> 213> 214> 215> 216> 217> 218> 219> 220> 221> 222> 223> 224> 225> 226> 227> 228> 229> 230> 231> 232> 233> 234> 235> 236> 237> 238> 239> 240> 241> 242> 243> 244> 245> 246> 247> 248> 249> 250> 251> 252> 253> 254> 255> 256> 257> 258> 259> 260> 261> 262> 263> 264> 265> 266> 267> 268> 269> 270> 271> 272> 273> 274> 275> 276> 277> 278> 279> 280> 281> 282> 283> 284> 285> 286> 287> 288> 289> 290> 291> 292> 293> 294> 295> 296> 297> 298> 299> 300> 301> 302> 303> 304> 305> 306> 307> 308> 309> 310> 311> 312> 313> 314> 315> 316> 317> 318> 319> 320> 321> 322> 323> 324> 325> 326> 327> 328> 329> 330> 331> 332> 333> 334> 335> 336> 337> 338> 339> 340> 341> 342> 343> 344> 345> 346> 347> 348> 349> 350> 351> 352> 353> 354> 355> 356> 357> 358> 359> 360> 361> 362> 363> 364> 365> 366> 367> 368> 369> 370> 371> 372> 373> 374> 375> 376> 377> 378> 379> 380> 381> 382> 383> 384> 385> 386> 387> 388> 389> 390> 391> 392> 393> 394> 395> 396> 397> 398> 399> 400> 401> 402> 403> 404> 405> 406> 407> 408> 409> 410> 411> 412> 413> 414> 415> 416> 417> 418> 419> 420> 421> 422> 423> 424> 425> 426> 427> 428> 429> 430> 431> 432> 433> 434> 435> 436> 437> 438> 439> 440> 441> 442> 443> 444> 445> 446> 447> 448> 449> 450> 451> 452> 453> 454> 455> 456> 457> 458> 459> 460> 461> 462> 463> 464> 465> 466> 467> 468> 469> 470> 471> 472> 473> 474> 475> 476> 477> 478> 479> 480> 481> 482> 483> 484> 485> 486> 487> 488> 489> 490> 491> 492> 493> 494> 495> 496> 497> 498> 499> 500> 501> 502> 503> 504> 505> 506> 507> 508> 509> 510> 511> 512> 513> 514> 515> 516> 517> 518> 519> 520> 521> 522> 523> 524> 525> 526> 527> 528> 529> 530> 531> 532> 533> 534> 535> 536> 537> 538> 539> 540> 541> 542> 543> 544> 545> 546> 547> 548> 549> 550> 551> 552> 553> 554> 555> 556> 557> 558> 559> 560> 561> 562> 563> 564> 565> 566> 567> 568> 569> 570> 571> 572> 573> 574> 575> 576> 577> 578> 579> 580> 581> 582> 583> 584> 585> 586> 587> 588> 589> 590> 591> 592> 593> 594> 595> 596> 597> 598> 599> 600> 601> 602> 603> 604> 605> 606> 607> 608> 609> 610> 611> 612> 613> 614> 615> 616> 617> 618> 619> 620> 621> 622> 623> 624> 625> 626> 627> 628> 629> 630> 631> 632> 633> 634> 635> 636> 637> 638> 639> 640> 641> 642> 643> 644> 645> 646> 647> 648> 649> 650> 651> 652> 653> 654> 655> 656> 657> 658> 659> 660> 661> 662> 663> 664> 665> 666> 667> 668> 669> 670> 671> 672> 673> 674> 675> 676> 677> 678> 679> 680> 681> 682> 683> 684> 685> 686> 687> 688> 689> 690> 691> 692> 693> 694> 695> 696> 697> 698> 699> 700> 701> 702> 703> 704> 705> 706> 707> 708> 709> 710> 711> 712> 713> 714> 715> 716> 717> 718> 719> 720> 721> 722> 723> 724> 725> 726> 727> 728> 729> 730> 731> 732> 733> Msg 3701, Level 11, State 5, Server DSP089, Line 20
Cannot drop the procedure
'dbo.ExecuteParticleTrackingChannelWorkerTaskParallel', because it does not
exist or you do not have permission.
Msg 6590, Level 16, State 1, Server DSP089, Line 22
DROP ASSEMBLY failed because 'Turbulence' is referenced by object 'GetPDF'.
Msg 6246, Level 16, State 1, Server DSP089, Line 23
Assembly "Turbulence" already exists in database "turbdev".
1> 2> 3> 4> 5> 6> 7> 8> 9> 10> 11> 12> 13> 14> 15> 16> 17> 18> 19> 20> 1> 2> 1> 2> 3> 4> 5> 6> 7> 8> 9> 10> 11> 12> 13> 14> 15> 16> 17> 18> 19> 20> Msg 6506, Level 16, State 1, Server DSP089, Procedure ExecuteParticleTrackingChannelWorkerTaskParallel, Line 1
Could not find method 'ExecuteParticleTrackingChannelWorkerTaskParallel' for
type 'StoredProcedures' in assembly 'Turbulence'
1> 2> Msg 15151, Level 16, State 1, Server DSP089, Line 1
Cannot find the object 'ExecuteParticleTrackingChannelWorkerTaskParallel',
because it does not exist or you do not have permission.
1> 2> 3> 4> 5> 6> 7> 8> 9> 10> 11> 12> 13> 14> 15> 16> 1> 2> 1> 2> 3> 4> 5> 6> 7> 8> 9> 10> 11> 1> 2> 1> 2> 3> 4> 5> 6> 7> 8> 9> 10> 11> 12> 13> 14> 15> 1> 2> 1> 2> 3> 4> 5> 6> 7> 8> 9> 10> 11> 12> 13> 14> 15> 1> 2> 1> 2> 3> 4> 5> 6> 7> 8> 9> 10> 1> 2> 1> 2> 3> 4> 5> 6> 7> 8> 9> 10> 11> 12> 13> 14> 15> 16> 17> 1> 2> 1> 2> 3> 4> 5> 6> 7> 8> 9> 10> 11> 12> 13> 14> 15> 16> 1> 2> 1> 2> 3> 4> 5> 6> 7> 8> 9> 10> 11> 12> 13> 14> 15> 1> 2> 1> 2> 3> 4> 5> 6> 7> 8> 9> 10> 11> 12> 13> 14> 15> 16> 1> 2> 1> 2> 3> 4> 5> 6> 7> 8> 9> 10> 11> 12> 13> 14> 15> 16> 1> 2> 1> 2> 3> 4> 5> 6> 7> 8> 1> 2> 1> 2> 3> 4> 5> 6> 1> 2> 1> 2> 3> 4> 5> 6> 1> 2> 1> 2> 3> 4> 5> 6> 1> 2> 1> 2> 3> 4> 5> 6> 7> 8> 9> 10> 11> 12> 13> 14> 15> 16> 17> 18> 19> 1> 2> 3> 4> 5> 6> 7> 8> 9> 10> 11> 12> 13> 14> 15> 16> 17> 18> 19> 20> 21> 22> 23> 24> 25> 26> 27> 28> 29> 30> 31> 32> 33> 34> 35> 36> 37> 38> 39> 40> 41> 42> 43> 44> 45> 46> 47> 48> 49> 50> 51> 52> 53> 54> 55> 56> 57> 58> 59> 60> 61> 62> 63> 64> 65> 66> 67> 68> 69> 70> 71> 72> 73> 74> 75> 76> 77> 78> 79> 80> 81> 82> 83> 84> 85> 86> 87> 88> 89> 90> 91> 92> 93> 94> 95> 96> 97> 98> 99> 100> 101> 102> 103> 104> 105> 106> 107> 108> 109> 110> 111> 112> 113> 114> 115> 116> 117> 118> 119> 120> 121> 122> 123> 124> 125> 126> 127> 128> 129> 130> 131> 132> 133> 134> 135> 136> 137> 138> 139> 140> 141> 142> 143> 144> 145> 146> 147> 148> 149> 150> 151> 152> 153> 154> 155> 156> 157> 158> 159> 160> 161> 162> 163> 164> 165> 166> 167> 168> 169> 170> 171> 172> 173> 174> 175> 176> 177> 178> 179> 180> 181> 182> 183> 184> 185> 186> 187> 188> 189> 190> 191> 192> 193> 194> 195> 196> 197> 198> 199> 200> 201> 202> 203> 204> 205> 206> 207> 208> 209> 210> 211> 212> 213> 214> 215> 216> 217> 218> 219> 220> 221> 222> 223> 224> 225> 226> 227> 228> 229> 230> 231> 232> 233> 234> 235> 236> 237> 238> 239> 240> 241> 242> 243> 244> 245> 246> 247> 248> 249> 250> 251> 252> 253> 254> 255> 256> 257> 258> 259> 260> 261> 262> 263> 264> 265> 266> 267> 268> 269> 270> 271> 272> 273> 274> 275> 276> 277> 278> 279> 280> 281> 282> 283> 284> 285> 286> 287> 288> 289> 290> 291> 292> 293> 294> 295> 296> 297> 298> 299> 300> 301> 302> 303> 304> 305> 306> 307> 308> 309> 310> 311> 312> 313> 314> 315> 316> 317> 318> 319> 320> 321> 322> 323> 324> 325> 326> 327> 328> 329> 330> 331> 332> 333> 334> 335> 336> 337> 338> 339> 340> 341> 342> 343> 344> 345> 346> 347> 348> 349> 350> 351> 352> 353> 354> 355> 356> 357> 358> 359> 360> 361> 362> 363> 364> 365> 366> 367> 368> 369> 370> 371> 372> 373> 374> 375> 376> 377> 378> 379> 380> 381> 382> 383> 384> 385> 386> 387> 388> 389> 390> 391> 392> 393> 394> 395> 396> 397> 398> 399> 400> 401> 402> 403> 404> 405> 406> 407> 408> 409> 410> 411> 412> 413> 414> 415> 416> 417> 418> 419> 420> 421> 422> 423> 424> 425> 426> 427> 428> 429> 430> 431> 432> 433> 434> 435> 436> 437> 438> 439> 440> 441> 442> 443> 444> 445> 446> 447> 448> 449> 450> 451> 452> 453> 454> 455> 456> 457> 458> 459> 460> 461> 462> 463> 464> 465> 466> 467> 468> 469> 470> 471> 472> 473> 474> 475> 476> 477> 478> 479> 480> 481> 482> 483> 484> 485> 486> 487> 488> 489> 490> 491> 492> 493> 494> 495> 496> 497> 498> 499> 500> 501> 502> 503> 504> 505> 506> 507> 508> 509> 510> 511> 512> 513> 514> 515> 516> 517> 518> 519> 520> 521> 522> 523> 524> 525> 526> 527> 528> 529> 530> 531> 532> 533> 534> 535> 536> 537> 538> 539> 540> 541> 542> 543> 544> 545> 546> 547> 548> 549> 550> 551> 552> 553> 554> 555> 556> 557> 558> 559> 560> 561> 562> 563> 564> 565> 566> 567> 568> 569> 570> 571> 572> 573> 574> 575> 576> 577> 578> 579> 580> 581> 582> 583> 584> 585> 586> 587> 588> 589> 590> 591> 592> 593> 594> 595> 596> 597> 598> 599> 600> 601> 602> 603> 604> 605> 606> 607> 608> 609> 610> 611> 612> 613> 614> 615> 616> 617> 618> 619> 620> 621> 622> 623> 624> 625> 626> 627> 628> 629> 630> 631> 632> 633> 634> 635> 636> 637> 638> 639> 640> 641> 642> 643> 644> 645> 646> 647> 648> 649> 650> 651> 652> 653> 654> 655> 656> 657> 658> 659> 660> 661> 662> 663> 664> 665> 666> 667> 668> 669> 670> 671> 672> 673> 674> 675> 676> 677> 678> 679> 680> 681> 682> 683> 684> 685> 686> 687> 688> 689> 690> 691> 692> 693> 694> 695> 696> 697> 698> 699> 700> 701> 702> 703> 704> 705> 706> 707> 708> 709> 710> 711> 712> 713> 714> 715> 716> 717> 718> 719> 720> 721> 722> 723> 724> 725> 726> 727> 728> 729> 730> 731> 732> 733> Msg 3701, Level 11, State 5, Server DSP089\SQL2014, Line 20
Cannot drop the procedure
'dbo.ExecuteParticleTrackingChannelWorkerTaskParallel', because it does not
exist or you do not have permission.
Msg 6590, Level 16, State 1, Server DSP089\SQL2014, Line 22
DROP ASSEMBLY failed because 'Turbulence' is referenced by object 'GetPDF'.
Msg 6246, Level 16, State 1, Server DSP089\SQL2014, Line 23
Assembly "Turbulence" already exists in database "turbdev".
1> 2> 3> 4> 5> 6> 7> 8> 9> 10> 11> 12> 13> 14> 15> 16> 17> 18> 19> 20> 1> 2> 1> 2> 3> 4> 5> 6> 7> 8> 9> 10> 11> 12> 13> 14> 15> 16> 17> 18> 19> 20> Msg 6506, Level 16, State 1, Server DSP089\SQL2014, Procedure ExecuteParticleTrackingChannelWorkerTaskParallel, Line 1
Could not find method 'ExecuteParticleTrackingChannelWorkerTaskParallel' for
type 'StoredProcedures' in assembly 'Turbulence'
1> 2> Msg 15151, Level 16, State 1, Server DSP089\SQL2014, Line 1
Cannot find the object 'ExecuteParticleTrackingChannelWorkerTaskParallel',
because it does not exist or you do not have permission.
1> 2> 3> 4> 5> 6> 7> 8> 9> 10> 11> 12> 13> 14> 15> 16> 1> 2> 1> 2> 3> 4> 5> 6> 7> 8> 9> 10> 11> 1> 2> 1> 2> 3> 4> 5> 6> 7> 8> 9> 10> 11> 12> 13> 14> 15> 1> 2> 1> 2> 3> 4> 5> 6> 7> 8> 9> 10> 11> 12> 13> 14> 15> 1> 2> 1> 2> 3> 4> 5> 6> 7> 8> 9> 10> 1> 2> 1> 2> 3> 4> 5> 6> 7> 8> 9> 10> 11> 12> 13> 14> 15> 16> 17> 1> 2> 1> 2> 3> 4> 5> 6> 7> 8> 9> 10> 11> 12> 13> 14> 15> 16> 1> 2> 1> 2> 3> 4> 5> 6> 7> 8> 9> 10> 11> 12> 13> 14> 15> 1> 2> 1> 2> 3> 4> 5> 6> 7> 8> 9> 10> 11> 12> 13> 14> 15> 16> 1> 2> 1> 2> 3> 4> 5> 6> 7> 8> 9> 10> 11> 12> 13> 14> 15> 16> 1> 2> 1> 2> 3> 4> 5> 6> 7> 8> 1> 2> 1> 2> 3> 4> 5> 6> 1> 2> 1> 2> 3> 4> 5> 6> 1> 2> 1> 2> 3> 4> 5> 6> 1> 2> 1> 2> 3> 4> 5> 6> 7> 8> 9> 10> 11> 12> 13> 14> 15> 16> 17> 18> 19> 1> 2> 3> 4> 5> 6> 7> 8> 9> 10> 11> 12> 13> 14> 15> 16> 17> 18> 19> 20> 21> 22> 23> 24> 25> 26> 27> 28> 29> 30> 31> 32> 33> 34> 35> 36> 37> 38> 39> 40> 41> 42> 43> 44> 45> 46> 47> 48> 49> 50> 51> 52> 53> 54> 55> 56> 57> 58> 59> 60> 61> 62> 63> 64> 65> 66> 67> 68> 69> 70> 71> 72> 73> 74> 75> 76> 77> 78> 79> 80> 81> 82> 83> 84> 85> 86> 87> 88> 89> 90> 91> 92> 93> 94> 95> 96> 97> 98> 99> 100> 101> 102> 103> 104> 105> 106> 107> 108> 109> 110> 111> 112> 113> 114> 115> 116> 117> 118> 119> 120> 121> 122> 123> 124> 125> 126> 127> 128> 129> 130> 131> 132> 133> 134> 135> 136> 137> 138> 139> 140> 141> 142> 143> 144> 145> 146> 147> 148> 149> 150> 151> 152> 153> 154> 155> 156> 157> 158> 159> 160> 161> 162> 163> 164> 165> 166> 167> 168> 169> 170> 171> 172> 173> 174> 175> 176> 177> 178> 179> 180> 181> 182> 183> 184> 185> 186> 187> 188> 189> 190> 191> 192> 193> 194> 195> 196> 197> 198> 199> 200> 201> 202> 203> 204> 205> 206> 207> 208> 209> 210> 211> 212> 213> 214> 215> 216> 217> 218> 219> 220> 221> 222> 223> 224> 225> 226> 227> 228> 229> 230> 231> 232> 233> 234> 235> 236> 237> 238> 239> 240> 241> 242> 243> 244> 245> 246> 247> 248> 249> 250> 251> 252> 253> 254> 255> 256> 257> 258> 259> 260> 261> 262> 263> 264> 265> 266> 267> 268> 269> 270> 271> 272> 273> 274> 275> 276> 277> 278> 279> 280> 281> 282> 283> 284> 285> 286> 287> 288> 289> 290> 291> 292> 293> 294> 295> 296> 297> 298> 299> 300> 301> 302> 303> 304> 305> 306> 307> 308> 309> 310> 311> 312> 313> 314> 315> 316> 317> 318> 319> 320> 321> 322> 323> 324> 325> 326> 327> 328> 329> 330> 331> 332> 333> 334> 335> 336> 337> 338> 339> 340> 341> 342> 343> 344> 345> 346> 347> 348> 349> 350> 351> 352> 353> 354> 355> 356> 357> 358> 359> 360> 361> 362> 363> 364> 365> 366> 367> 368> 369> 370> 371> 372> 373> 374> 375> 376> 377> 378> 379> 380> 381> 382> 383> 384> 385> 386> 387> 388> 389> 390> 391> 392> 393> 394> 395> 396> 397> 398> 399> 400> 401> 402> 403> 404> 405> 406> 407> 408> 409> 410> 411> 412> 413> 414> 415> 416> 417> 418> 419> 420> 421> 422> 423> 424> 425> 426> 427> 428> 429> 430> 431> 432> 433> 434> 435> 436> 437> 438> 439> 440> 441> 442> 443> 444> 445> 446> 447> 448> 449> 450> 451> 452> 453> 454> 455> 456> 457> 458> 459> 460> 461> 462> 463> 464> 465> 466> 467> 468> 469> 470> 471> 472> 473> 474> 475> 476> 477> 478> 479> 480> 481> 482> 483> 484> 485> 486> 487> 488> 489> 490> 491> 492> 493> 494> 495> 496> 497> 498> 499> 500> 501> 502> 503> 504> 505> 506> 507> 508> 509> 510> 511> 512> 513> 514> 515> 516> 517> 518> 519> 520> 521> 522> 523> 524> 525> 526> 527> 528> 529> 530> 531> 532> 533> 534> 535> 536> 537> 538> 539> 540> 541> 542> 543> 544> 545> 546> 547> 548> 549> 550> 551> 552> 553> 554> 555> 556> 557> 558> 559> 560> 561> 562> 563> 564> 565> 566> 567> 568> 569> 570> 571> 572> 573> 574> 575> 576> 577> 578> 579> 580> 581> 582> 583> 584> 585> 586> 587> 588> 589> 590> 591> 592> 593> 594> 595> 596> 597> 598> 599> 600> 601> 602> 603> 604> 605> 606> 607> 608> 609> 610> 611> 612> 613> 614> 615> 616> 617> 618> 619> 620> 621> 622> 623> 624> 625> 626> 627> 628> 629> 630> 631> 632> 633> 634> 635> 636> 637> 638> 639> 640> 641> 642> 643> 644> 645> 646> 647> 648> 649> 650> 651> 652> 653> 654> 655> 656> 657> 658> 659> 660> 661> 662> 663> 664> 665> 666> 667> 668> 669> 670> 671> 672> 673> 674> 675> 676> 677> 678> 679> 680> 681> 682> 683> 684> 685> 686> 687> 688> 689> 690> 691> 692> 693> 694> 695> 696> 697> 698> 699> 700> 701> 702> 703> 704> 705> 706> 707> 708> 709> 710> 711> 712> 713> 714> 715> 716> 717> 718> 719> 720> 721> 722> 723> 724> 725> 726> 727> 728> 729> 730> 731> 732> 733> Msg 3701, Level 11, State 5, Server DSP090, Line 20
Cannot drop the procedure
'dbo.ExecuteParticleTrackingChannelWorkerTaskParallel', because it does not
exist or you do not have permission.
Msg 6590, Level 16, State 1, Server DSP090, Line 22
DROP ASSEMBLY failed because 'Turbulence' is referenced by object 'GetPDF'.
Msg 6246, Level 16, State 1, Server DSP090, Line 23
Assembly "Turbulence" already exists in database "turbdev".
1> 2> 3> 4> 5> 6> 7> 8> 9> 10> 11> 12> 13> 14> 15> 16> 17> 18> 19> 20> 1> 2> 1> 2> 3> 4> 5> 6> 7> 8> 9> 10> 11> 12> 13> 14> 15> 16> 17> 18> 19> 20> Msg 6506, Level 16, State 1, Server DSP090, Procedure ExecuteParticleTrackingChannelWorkerTaskParallel, Line 1
Could not find method 'ExecuteParticleTrackingChannelWorkerTaskParallel' for
type 'StoredProcedures' in assembly 'Turbulence'
1> 2> Msg 15151, Level 16, State 1, Server DSP090, Line 1
Cannot find the object 'ExecuteParticleTrackingChannelWorkerTaskParallel',
because it does not exist or you do not have permission.
1> 2> 3> 4> 5> 6> 7> 8> 9> 10> 11> 12> 13> 14> 15> 16> 1> 2> 1> 2> 3> 4> 5> 6> 7> 8> 9> 10> 11> 1> 2> 1> 2> 3> 4> 5> 6> 7> 8> 9> 10> 11> 12> 13> 14> 15> 1> 2> 1> 2> 3> 4> 5> 6> 7> 8> 9> 10> 11> 12> 13> 14> 15> 1> 2> 1> 2> 3> 4> 5> 6> 7> 8> 9> 10> 1> 2> 1> 2> 3> 4> 5> 6> 7> 8> 9> 10> 11> 12> 13> 14> 15> 16> 17> 1> 2> 1> 2> 3> 4> 5> 6> 7> 8> 9> 10> 11> 12> 13> 14> 15> 16> 1> 2> 1> 2> 3> 4> 5> 6> 7> 8> 9> 10> 11> 12> 13> 14> 15> 1> 2> 1> 2> 3> 4> 5> 6> 7> 8> 9> 10> 11> 12> 13> 14> 15> 16> 1> 2> 1> 2> 3> 4> 5> 6> 7> 8> 9> 10> 11> 12> 13> 14> 15> 16> 1> 2> 1> 2> 3> 4> 5> 6> 7> 8> 1> 2> 1> 2> 3> 4> 5> 6> 1> 2> 1> 2> 3> 4> 5> 6> 1> 2> 1> 2> 3> 4> 5> 6> 1> 2> 1> 2> 3> 4> 5> 6> 7> 8> 9> 10> 11> 12> 13> 14> 15> 16> 17> 18> 19> 